2025-01-08T11:10:59.592Z - info: Initializing jsreport (version: 4.7.0, configuration file: none, nodejs: 20.11.1)
2025-01-08T11:10:59.636Z - info: Searching for available extensions in C:\Users\hp\Desktop\
2025-01-08T11:10:59.786Z - info: Extensions location cache doesn't contain entry yet, crawling
2025-01-08T11:12:50.550Z - info: Initializing jsreport (version: 4.7.0, configuration file: none, nodejs: 20.11.1)
2025-01-08T11:12:50.555Z - info: Searching for available extensions in C:\Users\hp\Desktop\
2025-01-08T11:12:50.569Z - info: Extensions location cache doesn't contain entry yet, crawling
2025-01-08T11:13:05.747Z - info: Initializing jsreport (version: 4.7.0, configuration file: none, nodejs: 20.11.1)
2025-01-08T11:13:05.758Z - info: Searching for available extensions in C:\Users\hp\Desktop\
2025-01-08T11:13:05.766Z - info: Extensions location cache doesn't contain entry yet, crawling
2025-01-08T11:14:20.247Z - info: Initializing jsreport (version: 4.7.0, configuration file: none, nodejs: 20.11.1)
2025-01-08T11:14:20.254Z - info: Searching for available extensions in C:\Users\hp\Desktop\
2025-01-08T11:14:20.274Z - info: Extensions location cache doesn't contain entry yet, crawling
2025-01-08T11:16:59.021Z - info: Initializing jsreport (version: 4.7.0, configuration file: none, nodejs: 20.11.1)
2025-01-08T11:16:59.029Z - info: Searching for available extensions in C:\Users\hp\Desktop\
2025-01-08T11:16:59.038Z - info: Extensions location cache doesn't contain entry yet, crawling
2025-01-08T11:18:05.349Z - info: Initializing jsreport (version: 4.7.0, configuration file: none, nodejs: 20.11.1)
2025-01-08T11:18:05.358Z - info: Searching for available extensions in C:\Users\hp\Desktop\
2025-01-08T11:18:05.380Z - info: Extensions location cache doesn't contain entry yet, crawling
2025-01-08T11:21:27.240Z - info: Initializing jsreport (version: 4.7.0, configuration file: none, nodejs: 20.11.1)
2025-01-08T11:21:27.245Z - info: Searching for available extensions in C:\Users\hp\Desktop\
2025-01-08T11:21:27.261Z - info: Extensions location cache doesn't contain entry yet, crawling
2025-01-08T11:29:40.622Z - info: Initializing jsreport (version: 4.7.0, configuration file: jsreport.config.json, nodejs: 20.11.1)
2025-01-08T11:29:40.631Z - info: Searching for available extensions in C:\Users\hp\Desktop\competitoor\Dev\Jsreport template\jsreport\
2025-01-08T11:29:40.645Z - info: Extensions location cache doesn't contain entry yet, crawling
2025-01-08T11:29:44.444Z - info: Found 35 extension(s)
2025-01-08T11:29:46.865Z - info: Using extension authentication@4.2.2
2025-01-08T11:29:56.469Z - info: Using extension base@4.0.0
2025-01-08T11:29:56.492Z - info: Using extension child-templates@4.1.0
2025-01-08T11:29:56.511Z - info: Using extension cli@4.0.5
2025-01-08T11:29:56.550Z - info: Using extension components@4.0.2
2025-01-08T11:29:56.592Z - info: Using extension data@4.1.0
2025-01-08T11:29:56.621Z - info: Using extension express@4.1.3
2025-01-08T11:30:12.191Z - info: Using extension freeze@4.0.0
2025-01-08T11:30:12.229Z - info: Using extension fs-store@4.0.5
2025-01-08T11:30:18.566Z - info: Using extension handlebars@4.0.1
2025-01-08T11:30:18.593Z - info: Using extension import-export@4.0.5
2025-01-08T11:30:18.895Z - info: Using extension jsrender@4.0.0
2025-01-08T11:30:18.917Z - info: Using extension licensing@4.0.3
2025-01-08T11:30:18.953Z - info: Using extension localization@4.0.1
2025-01-08T11:30:18.970Z - info: Using extension npm@4.0.0
2025-01-08T11:30:19.000Z - info: Using extension pdf-utils@4.2.2
2025-01-08T11:30:19.212Z - info: Using extension reports@4.1.2
2025-01-08T11:30:19.788Z - info: Using extension tags@4.0.1
2025-01-08T11:30:20.032Z - info: Using extension text@4.0.2
2025-01-08T11:30:20.072Z - info: Using extension version-control@4.0.0
2025-01-08T11:30:20.384Z - info: Using extension assets@4.2.0
2025-01-08T11:30:20.701Z - info: Using extension authorization@4.0.1
2025-01-08T11:30:20.840Z - info: Using extension browser-client@4.1.0
2025-01-08T11:30:21.014Z - info: Using extension chrome-pdf@4.1.0
2025-01-08T11:30:21.058Z - info: Using extension docx@4.6.0
2025-01-08T11:30:21.087Z - info: Using extension html-to-xlsx@4.1.4
2025-01-08T11:30:28.909Z - info: html-to-xlsx detected chrome as available html engine
2025-01-08T11:30:28.911Z - info: Using extension pptx@4.3.2
2025-01-08T11:30:28.940Z - info: Using extension scheduling@4.0.0
2025-01-08T11:30:31.182Z - info: Using extension scripts@4.1.0
2025-01-08T11:30:31.206Z - info: Using extension static-pdf@4.1.0
2025-01-08T11:30:31.226Z - info: Using extension studio@4.2.0
2025-01-08T11:30:34.601Z - info: Using extension xlsx@4.3.0
2025-01-08T11:30:34.631Z - info: Using extension public-templates@4.0.0
2025-01-08T11:30:34.663Z - info: Using extension sample-template@4.0.0
2025-01-08T11:30:34.697Z - info: Using extension studio-theme-dark@4.0.0
2025-01-08T11:30:34.730Z - info: Code sandboxing is disabled, users can potentially penetrate the local system if you allow code from external users to be part of your reports
2025-01-08T11:30:34.731Z - info: Using general timeout for rendering (reportTimeout: 60000)
2025-01-08T11:30:34.732Z - info: Using fs provider for template store.
2025-01-08T11:30:34.752Z - info: fs store is persisting using fs for C:\Users\hp\Desktop\competitoor\Dev\Jsreport template\jsreport\data
2025-01-08T11:30:34.780Z - info: fs store is loading data
2025-01-08T11:30:34.818Z - info: fs store is initialized successfully
2025-01-08T11:30:34.849Z - info: Creating default express app.
2025-01-08T11:30:37.166Z - info: jsreport server successfully started on http port: 5488
2025-01-08T11:30:37.169Z - info: Verifying license key free
2025-01-08T11:30:37.171Z - info: Using free license
2025-01-08T11:30:37.385Z - info: Migrating templates chrome settings (waitForNetworkIddle -> waitForNetworkIdle)
2025-01-08T11:30:37.398Z - info: Migration successful
2025-01-08T11:30:38.984Z - info: Initializing worker threads
2025-01-08T11:30:44.674Z - info: 2 worker threads initialized in 5690ms
2025-01-08T11:30:44.675Z - info: Starting temp files cleanup with 180000ms threshold
2025-01-08T11:30:44.677Z - info: reporter initialized
2025-01-08T11:31:13.775Z - info: Render request 1 queued for execution and waiting for available worker rootId=4wp5d07h0h76mat, id=4wp5d07h0h76mat
2025-01-08T11:31:13.825Z - info: Starting rendering request 1 (user: tigist) rootId=4wp5d07h0h76mat, id=4wp5d07h0h76mat
2025-01-08T11:31:13.828Z - info: Rendering template { name: test, recipe: chrome-pdf, engine: handlebars, preview: true } rootId=4wp5d07h0h76mat, id=4wp5d07h0h76mat
2025-01-08T11:31:32.902Z - info: Rendering request 1 finished in 19133 ms rootId=4wp5d07h0h76mat, id=4wp5d07h0h76mat
2025-01-08T11:35:34.393Z - info: Initializing jsreport (version: 4.7.0, configuration file: jsreport.config.json, nodejs: 20.11.1)
2025-01-08T11:35:34.399Z - info: Searching for available extensions in C:\Users\hp\Desktop\competitoor\Dev\Jsreport template\jsreport\
2025-01-08T11:35:34.409Z - info: Extensions location cache contains up to date information, skipping crawling in C:\Users\hp\Desktop\competitoor\Dev\Jsreport template\jsreport\
2025-01-08T11:35:34.458Z - info: Found 35 extension(s)
2025-01-08T11:35:34.603Z - info: Using extension authentication@4.2.2
2025-01-08T11:35:34.935Z - info: Using extension base@4.0.0
2025-01-08T11:35:34.942Z - info: Using extension child-templates@4.1.0
2025-01-08T11:35:34.947Z - info: Using extension cli@4.0.5
2025-01-08T11:35:34.955Z - info: Using extension components@4.0.2
2025-01-08T11:35:34.960Z - info: Using extension data@4.1.0
2025-01-08T11:35:34.962Z - info: Using extension express@4.1.3
2025-01-08T11:35:36.451Z - info: Using extension freeze@4.0.0
2025-01-08T11:35:36.457Z - info: Using extension fs-store@4.0.5
2025-01-08T11:35:36.783Z - info: Using extension handlebars@4.0.1
2025-01-08T11:35:36.786Z - info: Using extension import-export@4.0.5
2025-01-08T11:35:36.810Z - info: Using extension jsrender@4.0.0
2025-01-08T11:35:36.812Z - info: Using extension licensing@4.0.3
2025-01-08T11:35:36.901Z - info: Using extension localization@4.0.1
2025-01-08T11:35:36.904Z - info: Using extension npm@4.0.0
2025-01-08T11:35:36.912Z - info: Using extension pdf-utils@4.2.2
2025-01-08T11:35:36.916Z - info: Using extension reports@4.1.2
2025-01-08T11:35:36.924Z - info: Using extension tags@4.0.1
2025-01-08T11:35:36.927Z - info: Using extension text@4.0.2
2025-01-08T11:35:36.928Z - info: Using extension version-control@4.0.0
2025-01-08T11:35:36.945Z - info: Using extension assets@4.2.0
2025-01-08T11:35:36.963Z - info: Using extension authorization@4.0.1
2025-01-08T11:35:36.974Z - info: Using extension browser-client@4.1.0
2025-01-08T11:35:36.980Z - info: Using extension chrome-pdf@4.1.0
2025-01-08T11:35:36.985Z - info: Using extension docx@4.6.0
2025-01-08T11:35:36.990Z - info: Using extension html-to-xlsx@4.1.4
2025-01-08T11:35:37.411Z - info: html-to-xlsx detected chrome as available html engine
2025-01-08T11:35:37.412Z - info: Using extension pptx@4.3.2
2025-01-08T11:35:37.415Z - info: Using extension scheduling@4.0.0
2025-01-08T11:35:37.483Z - info: Using extension scripts@4.1.0
2025-01-08T11:35:37.486Z - info: Using extension static-pdf@4.1.0
2025-01-08T11:35:37.490Z - info: Using extension studio@4.2.0
2025-01-08T11:35:37.667Z - info: Using extension xlsx@4.3.0
2025-01-08T11:35:37.672Z - info: Using extension public-templates@4.0.0
2025-01-08T11:35:37.674Z - info: Using extension sample-template@4.0.0
2025-01-08T11:35:37.678Z - info: Using extension studio-theme-dark@4.0.0
2025-01-08T11:35:37.681Z - info: Code sandboxing is disabled, users can potentially penetrate the local system if you allow code from external users to be part of your reports
2025-01-08T11:35:37.682Z - info: Using general timeout for rendering (reportTimeout: 60000)
2025-01-08T11:35:37.683Z - info: Using fs provider for template store.
2025-01-08T11:35:37.693Z - info: fs store is persisting using fs for C:\Users\hp\Desktop\competitoor\Dev\Jsreport template\jsreport\data
2025-01-08T11:35:37.708Z - info: fs store is loading data
2025-01-08T11:35:37.759Z - info: fs store is initialized successfully
2025-01-08T11:35:37.785Z - info: Creating default express app.
2025-01-08T11:35:37.827Z - info: jsreport server successfully started on http port: 5488
2025-01-08T11:35:37.829Z - info: Verifying license key free
2025-01-08T11:35:37.830Z - info: Using free license
2025-01-08T11:35:37.839Z - info: Initializing worker threads
2025-01-08T11:35:39.120Z - info: 2 worker threads initialized in 1281ms
2025-01-08T11:35:39.122Z - info: Starting temp files cleanup with 180000ms threshold
2025-01-08T11:35:39.124Z - info: reporter initialized
2025-01-08T11:41:56.747Z - info: Render request 1 queued for execution and waiting for available worker rootId=6fe44xgoci9nuj1, id=6fe44xgoci9nuj1
2025-01-08T11:41:57.278Z - info: Starting rendering request 1 (user: tigist) rootId=6fe44xgoci9nuj1, id=6fe44xgoci9nuj1
2025-01-08T11:41:57.281Z - info: Rendering template { name: test, recipe: chrome-pdf, engine: handlebars, preview: true } rootId=6fe44xgoci9nuj1, id=6fe44xgoci9nuj1
2025-01-08T11:42:03.142Z - info: Rendering request 1 finished in 6444 ms rootId=6fe44xgoci9nuj1, id=6fe44xgoci9nuj1
