{"type":"operationStart","subtype":"profile","data":{"_id":"rnwvKq3AfZkrCm4K","timestamp":"2025-02-26T13:17:57.053Z","state":"queued","mode":"standard","creationDate":"2025-02-26T13:17:57.062Z","modificationDate":"2025-02-26T13:17:57.062Z","shortid":"UkQQYUj","inheritedReadPermissions":[],"inheritedEditPermissions":[],"$entitySet":"profiles"},"doDiffs":false,"timestamp":1740575877058,"id":"k5g46og4kjkc4q2","previousOperationId":null,"operationId":"72hakvdl992wond"}
{"type":"log","level":"info","message":"Render request 18 queued for execution and waiting for available worker","previousOperationId":"72hakvdl992wond","timestamp":1740575877058,"id":"3yn6e012ttrgsrs"}
{"type":"operationStart","subtype":"render","name":"header-footer","previousOperationId":"72hakvdl992wond","timestamp":1740575877103,"id":"n2xzmbpz4mp5vyx","previousEventId":"k5g46og4kjkc4q2","operationId":"3o5emjdtruradv9"}
{"type":"log","timestamp":1740575877103,"level":"info","message":"Starting rendering request 18 (user: tigist)","meta":{"rootId":"5lrqfmm2m410vqk","id":"5lrqfmm2m410vqk"},"id":"mgj8wdb0gpe54p3","previousOperationId":"3o5emjdtruradv9"}
{"type":"log","timestamp":1740575877104,"level":"info","message":"Rendering template { name: header-footer, recipe: chrome-pdf, engine: handlebars, preview: true }","meta":{"rootId":"5lrqfmm2m410vqk","id":"5lrqfmm2m410vqk"},"id":"4k3w62qyf817trk","previousOperationId":"3o5emjdtruradv9"}
{"type":"log","timestamp":1740575877104,"level":"debug","message":"Data item not defined for this template.","meta":{"rootId":"5lrqfmm2m410vqk","id":"5lrqfmm2m410vqk"},"id":"8kd4vuyqtcau788","previousOperationId":"3o5emjdtruradv9"}
{"type":"log","timestamp":1740575877108,"level":"debug","message":"Base url not specified, skipping its injection.","meta":{"rootId":"5lrqfmm2m410vqk","id":"5lrqfmm2m410vqk"},"id":"kfubud1eicsahq4","previousOperationId":"3o5emjdtruradv9"}
{"type":"operationStart","subtype":"engine","name":"handlebars","timestamp":1740575877109,"id":"nih1h1rz0vdbdhx","previousEventId":"n2xzmbpz4mp5vyx","operationId":"kc5886hsaz49alx","previousOperationId":"3o5emjdtruradv9"}
{"type":"log","timestamp":1740575877109,"level":"debug","message":"Rendering engine handlebars","meta":{"rootId":"5lrqfmm2m410vqk","id":"5lrqfmm2m410vqk"},"id":"ck4a25fhij6n1yg","previousOperationId":"kc5886hsaz49alx"}
{"type":"operationEnd","operationId":"kc5886hsaz49alx","timestamp":1740575877156,"id":"ic7r3872hxmvvhf","previousEventId":"nih1h1rz0vdbdhx","previousOperationId":"kc5886hsaz49alx"}
{"type":"operationStart","subtype":"recipe","name":"chrome-pdf","timestamp":1740575877157,"id":"8xwm2jyf2g7a1b3","previousEventId":"ic7r3872hxmvvhf","operationId":"zg1fre21rye3d2w","previousOperationId":"kc5886hsaz49alx"}
{"type":"log","timestamp":1740575877157,"level":"debug","message":"Executing recipe chrome-pdf","meta":{"rootId":"5lrqfmm2m410vqk","id":"5lrqfmm2m410vqk"},"id":"ki2wc3o6pziayed","previousOperationId":"zg1fre21rye3d2w"}
{"type":"log","timestamp":1740575877173,"level":"debug","message":"Converting with chrome Chrome/130.0.6723.69 using chrome-pool strategy","meta":{"rootId":"5lrqfmm2m410vqk","id":"5lrqfmm2m410vqk"},"id":"d7l8egq8a7otn1s","previousOperationId":"zg1fre21rye3d2w"}
{"type":"log","timestamp":1740575877337,"level":"debug","message":"Page request: GET (document) file:///C:/Users/hp/AppData/Local/Temp/jsreport/autocleanup/dd370794-137f-4dea-9b36-1cb8466ecfe5-chrome-pdf.html","meta":{"rootId":"5lrqfmm2m410vqk","id":"5lrqfmm2m410vqk"},"id":"1zan4z06qywt36t","previousOperationId":"zg1fre21rye3d2w"}
{"type":"log","timestamp":1740575877373,"level":"debug","message":"Page request finished: GET (document) 200 file:///C:/Users/hp/AppData/Local/Temp/jsreport/autocleanup/dd370794-137f-4dea-9b36-1cb8466ecfe5-chrome-pdf.html","meta":{"rootId":"5lrqfmm2m410vqk","id":"5lrqfmm2m410vqk"},"id":"lcu78f7z8ka3jq7","previousOperationId":"zg1fre21rye3d2w"}
{"type":"log","timestamp":1740575877377,"level":"debug","message":"Running chrome with params {\"printBackground\":true,\"timeout\":59885,\"margin\":{}}","meta":{"rootId":"5lrqfmm2m410vqk","id":"5lrqfmm2m410vqk"},"id":"hboqbfszt7bwwtx","previousOperationId":"zg1fre21rye3d2w"}
{"type":"operationEnd","operationId":"zg1fre21rye3d2w","timestamp":1740575877978,"id":"268paqrngxxcor4","previousEventId":"8xwm2jyf2g7a1b3","previousOperationId":"zg1fre21rye3d2w"}
{"type":"log","timestamp":1740575877978,"level":"info","message":"pdf-utils is starting pdf processing","meta":{"rootId":"5lrqfmm2m410vqk","id":"5lrqfmm2m410vqk"},"id":"whi7qvp4yu6t1wf","previousOperationId":"zg1fre21rye3d2w"}
{"type":"operationStart","subtype":"pdfUtils","name":"pdf utils","timestamp":1740575877980,"id":"3wnd2yuqxdafd6u","previousEventId":"268paqrngxxcor4","operationId":"unyofgtqim1v3mc","previousOperationId":"zg1fre21rye3d2w"}
{"type":"log","timestamp":1740575877980,"level":"debug","message":"pdf-utils detected 0 pdf operation(s) to process","meta":{"rootId":"5lrqfmm2m410vqk","id":"5lrqfmm2m410vqk"},"id":"0ie5a9lt00pe4vm","previousOperationId":"unyofgtqim1v3mc"}
{"type":"log","timestamp":1740575877980,"level":"debug","message":"pdf-utils postprocess start","meta":{"rootId":"5lrqfmm2m410vqk","id":"5lrqfmm2m410vqk"},"id":"7lsbitcfhmy00m5","previousOperationId":"unyofgtqim1v3mc"}
{"type":"log","timestamp":1740575877987,"level":"debug","message":"pdf-utils postprocess end","meta":{"rootId":"5lrqfmm2m410vqk","id":"5lrqfmm2m410vqk"},"id":"pmelltfpxhi9iv6","previousOperationId":"unyofgtqim1v3mc"}
{"type":"operationEnd","operationId":"unyofgtqim1v3mc","timestamp":1740575877987,"id":"ei9jd521s88kalz","previousEventId":"3wnd2yuqxdafd6u","previousOperationId":"unyofgtqim1v3mc"}
{"type":"log","timestamp":1740575877990,"level":"info","message":"pdf-utils pdf processing was finished","meta":{"rootId":"5lrqfmm2m410vqk","id":"5lrqfmm2m410vqk"},"id":"bgyv9afnb5htwnc","previousOperationId":"unyofgtqim1v3mc"}
{"type":"log","timestamp":1740575877991,"level":"debug","message":"Skipping storing report.","meta":{"rootId":"5lrqfmm2m410vqk","id":"5lrqfmm2m410vqk"},"id":"53g3m0sy80pmaju","previousOperationId":"unyofgtqim1v3mc"}
{"type":"log","timestamp":1740575877991,"level":"info","message":"Rendering request 18 finished in 939 ms","meta":{"rootId":"5lrqfmm2m410vqk","id":"5lrqfmm2m410vqk"},"id":"ayprttyq0u9elja","previousOperationId":"unyofgtqim1v3mc"}
{"type":"operationEnd","subtype":"render","operationId":"3o5emjdtruradv9","timestamp":1740575877991,"id":"5djsib6d0qvphfd","previousEventId":"ei9jd521s88kalz","previousOperationId":"unyofgtqim1v3mc"}
{"type":"operationEnd","doDiffs":false,"previousEventId":"k5g46og4kjkc4q2","previousOperationId":"72hakvdl992wond","operationId":"72hakvdl992wond","timestamp":1740575878011,"id":"206lhvcy1pp5xjg"}
