{"type":"operationStart","subtype":"profile","data":{"_id":"63Oh3UCtSY10QfX1","timestamp":"2025-02-26T12:47:27.861Z","state":"queued","mode":"standard","creationDate":"2025-02-26T12:47:27.871Z","modificationDate":"2025-02-26T12:47:27.871Z","shortid":"CCAA0nP","inheritedReadPermissions":[],"inheritedEditPermissions":[],"$entitySet":"profiles"},"doDiffs":false,"timestamp":1740574047867,"id":"h3cmx0rs2s4m9qc","previousOperationId":null,"operationId":"fc6i4b1wowx1u0b"}
{"type":"log","level":"info","message":"Render request 3 queued for execution and waiting for available worker","previousOperationId":"fc6i4b1wowx1u0b","timestamp":1740574047867,"id":"thm1h9uwobg2cjc"}
{"type":"operationStart","subtype":"render","name":"header-footer","previousOperationId":"fc6i4b1wowx1u0b","timestamp":1740574047923,"id":"65jjufhi3zjhv6a","previousEventId":"h3cmx0rs2s4m9qc","operationId":"eg2103tktwyl0ah"}
{"type":"log","timestamp":1740574047923,"level":"info","message":"Starting rendering request 3 (user: tigist)","meta":{"rootId":"6y9rgl4r3vjtlxu","id":"6y9rgl4r3vjtlxu"},"id":"acuzkha231zdk71","previousOperationId":"eg2103tktwyl0ah"}
{"type":"log","timestamp":1740574047925,"level":"info","message":"Rendering template { name: header-footer, recipe: chrome-pdf, engine: handlebars, preview: true }","meta":{"rootId":"6y9rgl4r3vjtlxu","id":"6y9rgl4r3vjtlxu"},"id":"pjvt5urq7j43xtr","previousOperationId":"eg2103tktwyl0ah"}
{"type":"log","timestamp":1740574047925,"level":"debug","message":"Data item not defined for this template.","meta":{"rootId":"6y9rgl4r3vjtlxu","id":"6y9rgl4r3vjtlxu"},"id":"r156w80sh71oyni","previousOperationId":"eg2103tktwyl0ah"}
{"type":"log","timestamp":1740574047931,"level":"debug","message":"Base url not specified, skipping its injection.","meta":{"rootId":"6y9rgl4r3vjtlxu","id":"6y9rgl4r3vjtlxu"},"id":"i67eg7wu001udiy","previousOperationId":"eg2103tktwyl0ah"}
{"type":"operationStart","subtype":"engine","name":"handlebars","timestamp":1740574047933,"id":"ate4voi0j1phm2s","previousEventId":"65jjufhi3zjhv6a","operationId":"4j569skfa99x5pa","previousOperationId":"eg2103tktwyl0ah"}
{"type":"log","timestamp":1740574047934,"level":"debug","message":"Rendering engine handlebars","meta":{"rootId":"6y9rgl4r3vjtlxu","id":"6y9rgl4r3vjtlxu"},"id":"grxxpaxv2et2rot","previousOperationId":"4j569skfa99x5pa"}
{"type":"operationEnd","operationId":"4j569skfa99x5pa","timestamp":1740574048019,"id":"ka461d02pst5xrw","previousEventId":"ate4voi0j1phm2s","previousOperationId":"4j569skfa99x5pa"}
{"type":"operationStart","subtype":"recipe","name":"chrome-pdf","timestamp":1740574048020,"id":"pd5o3hiur4x49pu","previousEventId":"ka461d02pst5xrw","operationId":"tr9kxnkrqelwpz4","previousOperationId":"4j569skfa99x5pa"}
{"type":"log","timestamp":1740574048020,"level":"debug","message":"Executing recipe chrome-pdf","meta":{"rootId":"6y9rgl4r3vjtlxu","id":"6y9rgl4r3vjtlxu"},"id":"o6rydhf3yzl09c6","previousOperationId":"tr9kxnkrqelwpz4"}
{"type":"log","timestamp":1740574048029,"level":"debug","message":"Converting with chrome Chrome/130.0.6723.69 using chrome-pool strategy","meta":{"rootId":"6y9rgl4r3vjtlxu","id":"6y9rgl4r3vjtlxu"},"id":"o77bly0wlvlb4l3","previousOperationId":"tr9kxnkrqelwpz4"}
{"type":"log","timestamp":1740574048171,"level":"debug","message":"Page request: GET (document) file:///C:/Users/hp/AppData/Local/Temp/jsreport/autocleanup/c4366c2c-a9f3-402e-959a-d3770d69e8c4-chrome-pdf.html","meta":{"rootId":"6y9rgl4r3vjtlxu","id":"6y9rgl4r3vjtlxu"},"id":"55jfoxi3329ft74","previousOperationId":"tr9kxnkrqelwpz4"}
{"type":"log","timestamp":1740574048204,"level":"debug","message":"Page request finished: GET (document) 200 file:///C:/Users/hp/AppData/Local/Temp/jsreport/autocleanup/c4366c2c-a9f3-402e-959a-d3770d69e8c4-chrome-pdf.html","meta":{"rootId":"6y9rgl4r3vjtlxu","id":"6y9rgl4r3vjtlxu"},"id":"wv0jonshcrdzahs","previousOperationId":"tr9kxnkrqelwpz4"}
{"type":"log","timestamp":1740574048207,"level":"debug","message":"Running chrome with params {\"printBackground\":true,\"displayHeaderFooter\":true,\"timeout\":59834,\"margin\":{}}","meta":{"rootId":"6y9rgl4r3vjtlxu","id":"6y9rgl4r3vjtlxu"},"id":"ej57vjsrss068i3","previousOperationId":"tr9kxnkrqelwpz4"}
{"type":"operationEnd","operationId":"tr9kxnkrqelwpz4","timestamp":1740574048759,"id":"oob81jx5lng2zpa","previousEventId":"pd5o3hiur4x49pu","previousOperationId":"tr9kxnkrqelwpz4"}
{"type":"log","timestamp":1740574048759,"level":"info","message":"pdf-utils is starting pdf processing","meta":{"rootId":"6y9rgl4r3vjtlxu","id":"6y9rgl4r3vjtlxu"},"id":"9ap8z0i6z0h26q3","previousOperationId":"tr9kxnkrqelwpz4"}
{"type":"operationStart","subtype":"pdfUtils","name":"pdf utils","timestamp":1740574048760,"id":"vqy78ymnsgm9fzc","previousEventId":"oob81jx5lng2zpa","operationId":"6jaf1ka599he83l","previousOperationId":"tr9kxnkrqelwpz4"}
{"type":"log","timestamp":1740574048760,"level":"debug","message":"pdf-utils detected 0 pdf operation(s) to process","meta":{"rootId":"6y9rgl4r3vjtlxu","id":"6y9rgl4r3vjtlxu"},"id":"cmgjetil8c87y96","previousOperationId":"6jaf1ka599he83l"}
{"type":"log","timestamp":1740574048760,"level":"debug","message":"pdf-utils postprocess start","meta":{"rootId":"6y9rgl4r3vjtlxu","id":"6y9rgl4r3vjtlxu"},"id":"mpqekpvviitextl","previousOperationId":"6jaf1ka599he83l"}
{"type":"log","timestamp":1740574048780,"level":"debug","message":"pdf-utils postprocess end","meta":{"rootId":"6y9rgl4r3vjtlxu","id":"6y9rgl4r3vjtlxu"},"id":"hv7e8cj6dihtq9p","previousOperationId":"6jaf1ka599he83l"}
{"type":"operationEnd","operationId":"6jaf1ka599he83l","timestamp":1740574048780,"id":"a18sm7uir53nu7s","previousEventId":"vqy78ymnsgm9fzc","previousOperationId":"6jaf1ka599he83l"}
{"type":"log","timestamp":1740574048784,"level":"info","message":"pdf-utils pdf processing was finished","meta":{"rootId":"6y9rgl4r3vjtlxu","id":"6y9rgl4r3vjtlxu"},"id":"bfjujo0937augvn","previousOperationId":"6jaf1ka599he83l"}
{"type":"log","timestamp":1740574048786,"level":"debug","message":"Skipping storing report.","meta":{"rootId":"6y9rgl4r3vjtlxu","id":"6y9rgl4r3vjtlxu"},"id":"20uvxpncxqlsjgm","previousOperationId":"6jaf1ka599he83l"}
{"type":"log","timestamp":1740574048786,"level":"info","message":"Rendering request 3 finished in 925 ms","meta":{"rootId":"6y9rgl4r3vjtlxu","id":"6y9rgl4r3vjtlxu"},"id":"sq7towklxnapruh","previousOperationId":"6jaf1ka599he83l"}
{"type":"operationEnd","subtype":"render","operationId":"eg2103tktwyl0ah","timestamp":1740574048786,"id":"tq5fub7mykcult8","previousEventId":"a18sm7uir53nu7s","previousOperationId":"6jaf1ka599he83l"}
{"type":"operationEnd","doDiffs":false,"previousEventId":"h3cmx0rs2s4m9qc","previousOperationId":"fc6i4b1wowx1u0b","operationId":"fc6i4b1wowx1u0b","timestamp":1740574048809,"id":"avv4w3fgb3nge50"}
