{"type":"operationStart","subtype":"profile","data":{"_id":"tnmesqeYdtCVZV5p","timestamp":"2025-02-25T10:19:18.275Z","state":"queued","mode":"standard","creationDate":"2025-02-25T10:19:18.284Z","modificationDate":"2025-02-25T10:19:18.284Z","shortid":"ouDegeX","inheritedReadPermissions":[],"inheritedEditPermissions":[],"$entitySet":"profiles"},"doDiffs":false,"timestamp":1740478758280,"id":"tb96184455pvnwl","previousOperationId":null,"operationId":"ljxc9sc8hs3qllr"}
{"type":"log","level":"info","message":"Render request 3 queued for execution and waiting for available worker","previousOperationId":"ljxc9sc8hs3qllr","timestamp":1740478758281,"id":"4jgjm2eymizkmg1"}
{"type":"operationStart","subtype":"render","name":"header-footer","previousOperationId":"ljxc9sc8hs3qllr","timestamp":1740478758326,"id":"eg32hjo3c9at81c","previousEventId":"tb96184455pvnwl","operationId":"uj1wyjoz13mf5q2"}
{"type":"log","timestamp":1740478758327,"level":"info","message":"Starting rendering request 3 (user: tigist)","meta":{"rootId":"7qjuntztdx8qo2q","id":"7qjuntztdx8qo2q"},"id":"i02xrf9vb8nz67v","previousOperationId":"uj1wyjoz13mf5q2"}
{"type":"log","timestamp":1740478758328,"level":"info","message":"Rendering template { name: header-footer, recipe: chrome-pdf, engine: handlebars, preview: true }","meta":{"rootId":"7qjuntztdx8qo2q","id":"7qjuntztdx8qo2q"},"id":"edpgmle5dtm0w67","previousOperationId":"uj1wyjoz13mf5q2"}
{"type":"log","timestamp":1740478758328,"level":"debug","message":"Data item not defined for this template.","meta":{"rootId":"7qjuntztdx8qo2q","id":"7qjuntztdx8qo2q"},"id":"iuy35dfbr2dc7bb","previousOperationId":"uj1wyjoz13mf5q2"}
{"type":"log","timestamp":1740478758332,"level":"debug","message":"Base url not specified, skipping its injection.","meta":{"rootId":"7qjuntztdx8qo2q","id":"7qjuntztdx8qo2q"},"id":"rcjwcbrdooob6a2","previousOperationId":"uj1wyjoz13mf5q2"}
{"type":"operationStart","subtype":"engine","name":"handlebars","timestamp":1740478758334,"id":"y762h5e39gac9ia","previousEventId":"eg32hjo3c9at81c","operationId":"bzhmyxnrqt7hwkf","previousOperationId":"uj1wyjoz13mf5q2"}
{"type":"log","timestamp":1740478758335,"level":"debug","message":"Rendering engine handlebars","meta":{"rootId":"7qjuntztdx8qo2q","id":"7qjuntztdx8qo2q"},"id":"9iiwa3rqrg9zq0z","previousOperationId":"bzhmyxnrqt7hwkf"}
{"type":"operationEnd","operationId":"bzhmyxnrqt7hwkf","timestamp":1740478758390,"id":"uxuph5pz0gzmhb5","previousEventId":"y762h5e39gac9ia","previousOperationId":"bzhmyxnrqt7hwkf"}
{"type":"operationStart","subtype":"recipe","name":"chrome-pdf","timestamp":1740478758391,"id":"nc5blzd47zamavt","previousEventId":"uxuph5pz0gzmhb5","operationId":"7890rnrsemvu7ax","previousOperationId":"bzhmyxnrqt7hwkf"}
{"type":"log","timestamp":1740478758391,"level":"debug","message":"Executing recipe chrome-pdf","meta":{"rootId":"7qjuntztdx8qo2q","id":"7qjuntztdx8qo2q"},"id":"ot7qwkkjtl8hj73","previousOperationId":"7890rnrsemvu7ax"}
{"type":"log","timestamp":1740478758404,"level":"debug","message":"Converting with chrome Chrome/130.0.6723.69 using chrome-pool strategy","meta":{"rootId":"7qjuntztdx8qo2q","id":"7qjuntztdx8qo2q"},"id":"kuf7y7it6qqaqjb","previousOperationId":"7890rnrsemvu7ax"}
{"type":"log","timestamp":1740478758592,"level":"debug","message":"Page request: GET (document) file:///C:/Users/hp/AppData/Local/Temp/jsreport/autocleanup/98bc6799-0355-41ea-bac0-f09992fd1e37-chrome-pdf.html","meta":{"rootId":"7qjuntztdx8qo2q","id":"7qjuntztdx8qo2q"},"id":"5xitb381h6er4bx","previousOperationId":"7890rnrsemvu7ax"}
{"type":"log","timestamp":1740478758631,"level":"debug","message":"Page request finished: GET (document) 200 file:///C:/Users/hp/AppData/Local/Temp/jsreport/autocleanup/98bc6799-0355-41ea-bac0-f09992fd1e37-chrome-pdf.html","meta":{"rootId":"7qjuntztdx8qo2q","id":"7qjuntztdx8qo2q"},"id":"jdbyfc6tbbr7n4y","previousOperationId":"7890rnrsemvu7ax"}
{"type":"log","timestamp":1740478758638,"level":"debug","message":"Running chrome with params {\"printBackground\":true,\"timeout\":59876,\"margin\":{}}","meta":{"rootId":"7qjuntztdx8qo2q","id":"7qjuntztdx8qo2q"},"id":"78vu0loxqwf3uq5","previousOperationId":"7890rnrsemvu7ax"}
{"type":"operationEnd","operationId":"7890rnrsemvu7ax","timestamp":1740478759152,"id":"wxidct4z5tmq9wi","previousEventId":"nc5blzd47zamavt","previousOperationId":"7890rnrsemvu7ax"}
{"type":"log","timestamp":1740478759152,"level":"info","message":"pdf-utils is starting pdf processing","meta":{"rootId":"7qjuntztdx8qo2q","id":"7qjuntztdx8qo2q"},"id":"kz822gtlttmagvx","previousOperationId":"7890rnrsemvu7ax"}
{"type":"operationStart","subtype":"pdfUtils","name":"pdf utils","timestamp":1740478759153,"id":"h9ikbwgvj76ekld","previousEventId":"wxidct4z5tmq9wi","operationId":"pc2cgz2e8zy3erb","previousOperationId":"7890rnrsemvu7ax"}
{"type":"log","timestamp":1740478759153,"level":"debug","message":"pdf-utils detected 0 pdf operation(s) to process","meta":{"rootId":"7qjuntztdx8qo2q","id":"7qjuntztdx8qo2q"},"id":"r217bipexgz862m","previousOperationId":"pc2cgz2e8zy3erb"}
{"type":"log","timestamp":1740478759153,"level":"debug","message":"pdf-utils postprocess start","meta":{"rootId":"7qjuntztdx8qo2q","id":"7qjuntztdx8qo2q"},"id":"ifmqh4iasyeq1q4","previousOperationId":"pc2cgz2e8zy3erb"}
{"type":"log","timestamp":1740478759160,"level":"debug","message":"pdf-utils postprocess end","meta":{"rootId":"7qjuntztdx8qo2q","id":"7qjuntztdx8qo2q"},"id":"p0c5eeckbndx98t","previousOperationId":"pc2cgz2e8zy3erb"}
{"type":"operationEnd","operationId":"pc2cgz2e8zy3erb","timestamp":1740478759160,"id":"smkyn6d9a82zlsa","previousEventId":"h9ikbwgvj76ekld","previousOperationId":"pc2cgz2e8zy3erb"}
{"type":"log","timestamp":1740478759163,"level":"info","message":"pdf-utils pdf processing was finished","meta":{"rootId":"7qjuntztdx8qo2q","id":"7qjuntztdx8qo2q"},"id":"wcy5f2qgf64k3qf","previousOperationId":"pc2cgz2e8zy3erb"}
{"type":"log","timestamp":1740478759163,"level":"debug","message":"Skipping storing report.","meta":{"rootId":"7qjuntztdx8qo2q","id":"7qjuntztdx8qo2q"},"id":"zkhmme07dhwpczo","previousOperationId":"pc2cgz2e8zy3erb"}
{"type":"log","timestamp":1740478759163,"level":"info","message":"Rendering request 3 finished in 888 ms","meta":{"rootId":"7qjuntztdx8qo2q","id":"7qjuntztdx8qo2q"},"id":"9velhbzck6rdnlr","previousOperationId":"pc2cgz2e8zy3erb"}
{"type":"operationEnd","subtype":"render","operationId":"uj1wyjoz13mf5q2","timestamp":1740478759163,"id":"jjs373gfayvqm6l","previousEventId":"smkyn6d9a82zlsa","previousOperationId":"pc2cgz2e8zy3erb"}
{"type":"operationEnd","doDiffs":false,"previousEventId":"tb96184455pvnwl","previousOperationId":"ljxc9sc8hs3qllr","operationId":"ljxc9sc8hs3qllr","timestamp":1740478759183,"id":"8fp67uk8zdgb8q9"}
