{"type":"operationStart","subtype":"profile","data":{"_id":"TJ5u1c1PRvBKcryx","timestamp":"2025-02-25T09:52:16.882Z","state":"queued","mode":"standard","creationDate":"2025-02-25T09:52:16.888Z","modificationDate":"2025-02-25T09:52:16.888Z","shortid":"OoiobwT","inheritedReadPermissions":[],"inheritedEditPermissions":[],"$entitySet":"profiles"},"doDiffs":false,"timestamp":1740477136885,"id":"uzvytfux0apyept","previousOperationId":null,"operationId":"bhxce5ry0jlfr28"}
{"type":"log","level":"info","message":"Render request 2 queued for execution and waiting for available worker","previousOperationId":"bhxce5ry0jlfr28","timestamp":1740477136885,"id":"5s8jbavolm0kbd3"}
{"type":"operationStart","subtype":"render","name":"header-footer","previousOperationId":"bhxce5ry0jlfr28","timestamp":1740477136919,"id":"jfwhuzv3btij99k","previousEventId":"uzvytfux0apyept","operationId":"gmlvw4sx5pfx7tx"}
{"type":"log","timestamp":1740477136922,"level":"info","message":"Starting rendering request 2 (user: tigist)","meta":{"rootId":"a5zggw3fyqe8q06","id":"a5zggw3fyqe8q06"},"id":"0lgr3q0g2te6qd3","previousOperationId":"gmlvw4sx5pfx7tx"}
{"type":"log","timestamp":1740477136924,"level":"info","message":"Rendering template { name: header-footer, recipe: chrome-pdf, engine: handlebars, preview: true }","meta":{"rootId":"a5zggw3fyqe8q06","id":"a5zggw3fyqe8q06"},"id":"xz6e27fm9wht0u1","previousOperationId":"gmlvw4sx5pfx7tx"}
{"type":"log","timestamp":1740477136926,"level":"debug","message":"Data item not defined for this template.","meta":{"rootId":"a5zggw3fyqe8q06","id":"a5zggw3fyqe8q06"},"id":"9fvdrerw1vp8ale","previousOperationId":"gmlvw4sx5pfx7tx"}
{"type":"log","timestamp":1740477136932,"level":"debug","message":"Base url not specified, skipping its injection.","meta":{"rootId":"a5zggw3fyqe8q06","id":"a5zggw3fyqe8q06"},"id":"gkl0212j2kxlctb","previousOperationId":"gmlvw4sx5pfx7tx"}
{"type":"operationStart","subtype":"engine","name":"handlebars","timestamp":1740477136936,"id":"a33mjf4pw6ep1bb","previousEventId":"jfwhuzv3btij99k","operationId":"bx02vtk9o1mvpsm","previousOperationId":"gmlvw4sx5pfx7tx"}
{"type":"log","timestamp":1740477136936,"level":"debug","message":"Rendering engine handlebars","meta":{"rootId":"a5zggw3fyqe8q06","id":"a5zggw3fyqe8q06"},"id":"eapgkf4t9xergjq","previousOperationId":"bx02vtk9o1mvpsm"}
{"type":"operationEnd","operationId":"bx02vtk9o1mvpsm","timestamp":1740477138434,"id":"3irt4d7zwc7bzut","previousEventId":"a33mjf4pw6ep1bb","previousOperationId":"bx02vtk9o1mvpsm"}
{"type":"operationStart","subtype":"recipe","name":"chrome-pdf","timestamp":1740477138435,"id":"qosvptjdm3nortq","previousEventId":"3irt4d7zwc7bzut","operationId":"1yqxgi0hexvihr0","previousOperationId":"bx02vtk9o1mvpsm"}
{"type":"log","timestamp":1740477138435,"level":"debug","message":"Executing recipe chrome-pdf","meta":{"rootId":"a5zggw3fyqe8q06","id":"a5zggw3fyqe8q06"},"id":"4dej52czx0d0gox","previousOperationId":"1yqxgi0hexvihr0"}
{"type":"log","timestamp":1740477140988,"level":"debug","message":"Converting with chrome Chrome/130.0.6723.69 using chrome-pool strategy","meta":{"rootId":"a5zggw3fyqe8q06","id":"a5zggw3fyqe8q06"},"id":"23ehwqg27xesz06","previousOperationId":"1yqxgi0hexvihr0"}
{"type":"log","timestamp":1740477141242,"level":"debug","message":"Page request: GET (document) file:///C:/Users/hp/AppData/Local/Temp/jsreport/autocleanup/1b914655-07ea-4dd7-ab71-9ae579f2b565-chrome-pdf.html","meta":{"rootId":"a5zggw3fyqe8q06","id":"a5zggw3fyqe8q06"},"id":"33hr706n7ngjv78","previousOperationId":"1yqxgi0hexvihr0"}
{"type":"log","timestamp":1740477141269,"level":"debug","message":"Page request finished: GET (document) 200 file:///C:/Users/hp/AppData/Local/Temp/jsreport/autocleanup/1b914655-07ea-4dd7-ab71-9ae579f2b565-chrome-pdf.html","meta":{"rootId":"a5zggw3fyqe8q06","id":"a5zggw3fyqe8q06"},"id":"toh86kaglics0yt","previousOperationId":"1yqxgi0hexvihr0"}
{"type":"log","timestamp":1740477141282,"level":"debug","message":"Running chrome with params {\"printBackground\":true,\"timeout\":57277,\"margin\":{}}","meta":{"rootId":"a5zggw3fyqe8q06","id":"a5zggw3fyqe8q06"},"id":"obl2jeaj8zr73qb","previousOperationId":"1yqxgi0hexvihr0"}
{"type":"operationEnd","operationId":"1yqxgi0hexvihr0","timestamp":1740477141475,"id":"1qphzt5o2nl2jia","previousEventId":"qosvptjdm3nortq","previousOperationId":"1yqxgi0hexvihr0"}
{"type":"log","timestamp":1740477141475,"level":"info","message":"pdf-utils is starting pdf processing","meta":{"rootId":"a5zggw3fyqe8q06","id":"a5zggw3fyqe8q06"},"id":"d4bik9zd2d3j44e","previousOperationId":"1yqxgi0hexvihr0"}
{"type":"operationStart","subtype":"pdfUtils","name":"pdf utils","timestamp":1740477142019,"id":"nwju0kufhignp5n","previousEventId":"1qphzt5o2nl2jia","operationId":"x4yasmq999v6o8f","previousOperationId":"1yqxgi0hexvihr0"}
{"type":"log","timestamp":1740477142020,"level":"debug","message":"pdf-utils detected 0 pdf operation(s) to process","meta":{"rootId":"a5zggw3fyqe8q06","id":"a5zggw3fyqe8q06"},"id":"2c1o5ndjrutlw5a","previousOperationId":"x4yasmq999v6o8f"}
{"type":"log","timestamp":1740477142020,"level":"debug","message":"pdf-utils postprocess start","meta":{"rootId":"a5zggw3fyqe8q06","id":"a5zggw3fyqe8q06"},"id":"p8fe3xije0nlemn","previousOperationId":"x4yasmq999v6o8f"}
{"type":"log","timestamp":1740477142079,"level":"debug","message":"pdf-utils postprocess end","meta":{"rootId":"a5zggw3fyqe8q06","id":"a5zggw3fyqe8q06"},"id":"wrs45d123291zpq","previousOperationId":"x4yasmq999v6o8f"}
{"type":"operationEnd","operationId":"x4yasmq999v6o8f","timestamp":1740477142079,"id":"e682ydggtz8xyy4","previousEventId":"nwju0kufhignp5n","previousOperationId":"x4yasmq999v6o8f"}
{"type":"log","timestamp":1740477142087,"level":"info","message":"pdf-utils pdf processing was finished","meta":{"rootId":"a5zggw3fyqe8q06","id":"a5zggw3fyqe8q06"},"id":"c4o57m9irevf9ki","previousOperationId":"x4yasmq999v6o8f"}
{"type":"log","timestamp":1740477142089,"level":"debug","message":"Skipping storing report.","meta":{"rootId":"a5zggw3fyqe8q06","id":"a5zggw3fyqe8q06"},"id":"gn7yyhqh1qzxwpb","previousOperationId":"x4yasmq999v6o8f"}
{"type":"log","timestamp":1740477142090,"level":"info","message":"Rendering request 2 finished in 5208 ms","meta":{"rootId":"a5zggw3fyqe8q06","id":"a5zggw3fyqe8q06"},"id":"qrpr7y56izgbifm","previousOperationId":"x4yasmq999v6o8f"}
{"type":"operationEnd","subtype":"render","operationId":"gmlvw4sx5pfx7tx","timestamp":1740477142090,"id":"cq0phy53c2i3204","previousEventId":"e682ydggtz8xyy4","previousOperationId":"x4yasmq999v6o8f"}
{"type":"operationEnd","doDiffs":false,"previousEventId":"uzvytfux0apyept","previousOperationId":"bhxce5ry0jlfr28","operationId":"bhxce5ry0jlfr28","timestamp":1740477142122,"id":"0dmpujhpvt10o73"}
