{"type":"operationStart","subtype":"profile","data":{"_id":"6fPr44SN6YqYwdkZ","timestamp":"2025-02-26T13:03:16.770Z","state":"queued","mode":"standard","creationDate":"2025-02-26T13:03:16.775Z","modificationDate":"2025-02-26T13:03:16.775Z","shortid":"9RQoh-X","inheritedReadPermissions":[],"inheritedEditPermissions":[],"$entitySet":"profiles"},"doDiffs":false,"timestamp":1740574996773,"id":"2khu3o68nbub9p4","previousOperationId":null,"operationId":"opeuliwqq0rn5vo"}
{"type":"log","level":"info","message":"Render request 13 queued for execution and waiting for available worker","previousOperationId":"opeuliwqq0rn5vo","timestamp":1740574996773,"id":"40g1x7aum01x77y"}
{"type":"operationStart","subtype":"render","name":"header-footer","previousOperationId":"opeuliwqq0rn5vo","timestamp":1740574996796,"id":"kd8926mrbmlqq3l","previousEventId":"2khu3o68nbub9p4","operationId":"h4bjx5jn1zwnlu8"}
{"type":"log","timestamp":1740574996796,"level":"info","message":"Starting rendering request 13 (user: tigist)","meta":{"rootId":"eqz5fpd0k0gfn2r","id":"eqz5fpd0k0gfn2r"},"id":"j67egluvjp5m8ua","previousOperationId":"h4bjx5jn1zwnlu8"}
{"type":"log","timestamp":1740574996796,"level":"info","message":"Rendering template { name: header-footer, recipe: chrome-pdf, engine: handlebars, preview: true }","meta":{"rootId":"eqz5fpd0k0gfn2r","id":"eqz5fpd0k0gfn2r"},"id":"xoi76yovn13erjv","previousOperationId":"h4bjx5jn1zwnlu8"}
{"type":"log","timestamp":1740574996796,"level":"debug","message":"Data item not defined for this template.","meta":{"rootId":"eqz5fpd0k0gfn2r","id":"eqz5fpd0k0gfn2r"},"id":"rsv3q6459u0vf9j","previousOperationId":"h4bjx5jn1zwnlu8"}
{"type":"log","timestamp":1740574996798,"level":"debug","message":"Base url not specified, skipping its injection.","meta":{"rootId":"eqz5fpd0k0gfn2r","id":"eqz5fpd0k0gfn2r"},"id":"ez0t75j6akizqpj","previousOperationId":"h4bjx5jn1zwnlu8"}
{"type":"operationStart","subtype":"engine","name":"handlebars","timestamp":1740574996799,"id":"7rej4n5b1k2yc1q","previousEventId":"kd8926mrbmlqq3l","operationId":"a1a3ti0o5xe7bue","previousOperationId":"h4bjx5jn1zwnlu8"}
{"type":"log","timestamp":1740574996799,"level":"debug","message":"Rendering engine handlebars","meta":{"rootId":"eqz5fpd0k0gfn2r","id":"eqz5fpd0k0gfn2r"},"id":"mj2mpdd1nmlj3wk","previousOperationId":"a1a3ti0o5xe7bue"}
{"type":"operationEnd","operationId":"a1a3ti0o5xe7bue","timestamp":1740574996825,"id":"u7ou8q8jemt2odw","previousEventId":"7rej4n5b1k2yc1q","previousOperationId":"a1a3ti0o5xe7bue"}
{"type":"operationStart","subtype":"recipe","name":"chrome-pdf","timestamp":1740574996825,"id":"p1aj4a4v6m9tble","previousEventId":"u7ou8q8jemt2odw","operationId":"myg8acpdob8oyee","previousOperationId":"a1a3ti0o5xe7bue"}
{"type":"log","timestamp":1740574996825,"level":"debug","message":"Executing recipe chrome-pdf","meta":{"rootId":"eqz5fpd0k0gfn2r","id":"eqz5fpd0k0gfn2r"},"id":"1vwa61a8tphs5zk","previousOperationId":"myg8acpdob8oyee"}
{"type":"log","timestamp":1740574996831,"level":"debug","message":"Converting with chrome Chrome/130.0.6723.69 using chrome-pool strategy","meta":{"rootId":"eqz5fpd0k0gfn2r","id":"eqz5fpd0k0gfn2r"},"id":"vhghibulc8rkect","previousOperationId":"myg8acpdob8oyee"}
{"type":"log","timestamp":1740574997007,"level":"debug","message":"Page request: GET (document) file:///C:/Users/hp/AppData/Local/Temp/jsreport/autocleanup/cd7935da-f255-4062-b7ad-e8042ae69e0a-chrome-pdf.html","meta":{"rootId":"eqz5fpd0k0gfn2r","id":"eqz5fpd0k0gfn2r"},"id":"kud26say85jl40l","previousOperationId":"myg8acpdob8oyee"}
{"type":"log","timestamp":1740574997039,"level":"debug","message":"Page request finished: GET (document) 200 file:///C:/Users/hp/AppData/Local/Temp/jsreport/autocleanup/cd7935da-f255-4062-b7ad-e8042ae69e0a-chrome-pdf.html","meta":{"rootId":"eqz5fpd0k0gfn2r","id":"eqz5fpd0k0gfn2r"},"id":"ry7tjtbiidrcrx5","previousOperationId":"myg8acpdob8oyee"}
{"type":"log","timestamp":1740574997051,"level":"debug","message":"Running chrome with params {\"printBackground\":true,\"timeout\":59941,\"margin\":{}}","meta":{"rootId":"eqz5fpd0k0gfn2r","id":"eqz5fpd0k0gfn2r"},"id":"wuxha3f10mxizg4","previousOperationId":"myg8acpdob8oyee"}
{"type":"operationEnd","operationId":"myg8acpdob8oyee","timestamp":1740574997597,"id":"6qcr38w7xmm9ko3","previousEventId":"p1aj4a4v6m9tble","previousOperationId":"myg8acpdob8oyee"}
{"type":"log","timestamp":1740574997597,"level":"info","message":"pdf-utils is starting pdf processing","meta":{"rootId":"eqz5fpd0k0gfn2r","id":"eqz5fpd0k0gfn2r"},"id":"rd2zsvm8xy79rar","previousOperationId":"myg8acpdob8oyee"}
{"type":"operationStart","subtype":"pdfUtils","name":"pdf utils","timestamp":1740574997598,"id":"nwm3ixl7izo5kef","previousEventId":"6qcr38w7xmm9ko3","operationId":"939xjjco41p46n2","previousOperationId":"myg8acpdob8oyee"}
{"type":"log","timestamp":1740574997598,"level":"debug","message":"pdf-utils detected 0 pdf operation(s) to process","meta":{"rootId":"eqz5fpd0k0gfn2r","id":"eqz5fpd0k0gfn2r"},"id":"rnx49xzkubl65gs","previousOperationId":"939xjjco41p46n2"}
{"type":"log","timestamp":1740574997598,"level":"debug","message":"pdf-utils postprocess start","meta":{"rootId":"eqz5fpd0k0gfn2r","id":"eqz5fpd0k0gfn2r"},"id":"tfgewm3j5jsk8nr","previousOperationId":"939xjjco41p46n2"}
{"type":"log","timestamp":1740574997602,"level":"debug","message":"pdf-utils postprocess end","meta":{"rootId":"eqz5fpd0k0gfn2r","id":"eqz5fpd0k0gfn2r"},"id":"c1r528q04gbgv6y","previousOperationId":"939xjjco41p46n2"}
{"type":"operationEnd","operationId":"939xjjco41p46n2","timestamp":1740574997602,"id":"msdxa6pufj85s48","previousEventId":"nwm3ixl7izo5kef","previousOperationId":"939xjjco41p46n2"}
{"type":"log","timestamp":1740574997605,"level":"info","message":"pdf-utils pdf processing was finished","meta":{"rootId":"eqz5fpd0k0gfn2r","id":"eqz5fpd0k0gfn2r"},"id":"4gr1vnuak3jlipf","previousOperationId":"939xjjco41p46n2"}
{"type":"log","timestamp":1740574997605,"level":"debug","message":"Skipping storing report.","meta":{"rootId":"eqz5fpd0k0gfn2r","id":"eqz5fpd0k0gfn2r"},"id":"mmu4spf57t5fg5q","previousOperationId":"939xjjco41p46n2"}
{"type":"log","timestamp":1740574997605,"level":"info","message":"Rendering request 13 finished in 835 ms","meta":{"rootId":"eqz5fpd0k0gfn2r","id":"eqz5fpd0k0gfn2r"},"id":"8zzf3rof6y2rfh1","previousOperationId":"939xjjco41p46n2"}
{"type":"operationEnd","subtype":"render","operationId":"h4bjx5jn1zwnlu8","timestamp":1740574997605,"id":"oz7mfvx2xh65i4i","previousEventId":"msdxa6pufj85s48","previousOperationId":"939xjjco41p46n2"}
{"type":"operationEnd","doDiffs":false,"previousEventId":"2khu3o68nbub9p4","previousOperationId":"opeuliwqq0rn5vo","operationId":"opeuliwqq0rn5vo","timestamp":1740574997630,"id":"2j0tbe6eyrqq7ne"}
