{"type":"operationStart","subtype":"profile","data":{"_id":"q0UGA0LKMDGA4Scz","timestamp":"2025-02-26T06:10:01.195Z","state":"queued","mode":"standard","creationDate":"2025-02-26T06:10:01.212Z","modificationDate":"2025-02-26T06:10:01.212Z","shortid":"tse_BLk","inheritedReadPermissions":[],"inheritedEditPermissions":[],"$entitySet":"profiles"},"doDiffs":false,"timestamp":1740550201207,"id":"tdwntmmjwneebcv","previousOperationId":null,"operationId":"6b1thh676w83uca"}
{"type":"log","level":"info","message":"Render request 5 queued for execution and waiting for available worker","previousOperationId":"6b1thh676w83uca","timestamp":1740550201207,"id":"vlh5drzjm6ikeop"}
{"type":"operationStart","subtype":"render","name":"header-footer","previousOperationId":"6b1thh676w83uca","timestamp":1740550201284,"id":"q5c7afc7bkd44i4","previousEventId":"tdwntmmjwneebcv","operationId":"pmymdq8xprv1vpp"}
{"type":"log","timestamp":1740550201284,"level":"info","message":"Starting rendering request 5 (user: tigist)","meta":{"rootId":"fe1wfsd12yqmawt","id":"fe1wfsd12yqmawt"},"id":"ftlqipxce5vr5ub","previousOperationId":"pmymdq8xprv1vpp"}
{"type":"log","timestamp":1740550201284,"level":"info","message":"Rendering template { name: header-footer, recipe: chrome-pdf, engine: handlebars, preview: true }","meta":{"rootId":"fe1wfsd12yqmawt","id":"fe1wfsd12yqmawt"},"id":"exisgp7cti63qh5","previousOperationId":"pmymdq8xprv1vpp"}
{"type":"log","timestamp":1740550201284,"level":"debug","message":"Data item not defined for this template.","meta":{"rootId":"fe1wfsd12yqmawt","id":"fe1wfsd12yqmawt"},"id":"qrb1ov24v0gf6ue","previousOperationId":"pmymdq8xprv1vpp"}
{"type":"log","timestamp":1740550201288,"level":"debug","message":"Base url not specified, skipping its injection.","meta":{"rootId":"fe1wfsd12yqmawt","id":"fe1wfsd12yqmawt"},"id":"mwk66oxc7ov1nf6","previousOperationId":"pmymdq8xprv1vpp"}
{"type":"operationStart","subtype":"engine","name":"handlebars","timestamp":1740550201288,"id":"178dp19fwv56kww","previousEventId":"q5c7afc7bkd44i4","operationId":"npqh5le517bxhoz","previousOperationId":"pmymdq8xprv1vpp"}
{"type":"log","timestamp":1740550201288,"level":"debug","message":"Rendering engine handlebars","meta":{"rootId":"fe1wfsd12yqmawt","id":"fe1wfsd12yqmawt"},"id":"4ypwcscchf4pkt2","previousOperationId":"npqh5le517bxhoz"}
{"type":"operationEnd","operationId":"npqh5le517bxhoz","timestamp":1740550201312,"id":"asco4p54r2hdd89","previousEventId":"178dp19fwv56kww","previousOperationId":"npqh5le517bxhoz"}
{"type":"operationStart","subtype":"recipe","name":"chrome-pdf","timestamp":1740550201312,"id":"xv7abc74qt8d0pv","previousEventId":"asco4p54r2hdd89","operationId":"1di2r8pu4zfn7vi","previousOperationId":"npqh5le517bxhoz"}
{"type":"log","timestamp":1740550201312,"level":"debug","message":"Executing recipe chrome-pdf","meta":{"rootId":"fe1wfsd12yqmawt","id":"fe1wfsd12yqmawt"},"id":"au1ceyecz4gnso0","previousOperationId":"1di2r8pu4zfn7vi"}
{"type":"log","timestamp":1740550201317,"level":"debug","message":"Converting with chrome Chrome/130.0.6723.69 using chrome-pool strategy","meta":{"rootId":"fe1wfsd12yqmawt","id":"fe1wfsd12yqmawt"},"id":"ffg18yedkzx0agm","previousOperationId":"1di2r8pu4zfn7vi"}
{"type":"log","timestamp":1740550201444,"level":"debug","message":"Page request: GET (document) file:///C:/Users/hp/AppData/Local/Temp/jsreport/autocleanup/03ca7a25-1406-4f8b-8327-7e50f7e33e9c-chrome-pdf.html","meta":{"rootId":"fe1wfsd12yqmawt","id":"fe1wfsd12yqmawt"},"id":"f4vxterz96gxn4l","previousOperationId":"1di2r8pu4zfn7vi"}
{"type":"log","timestamp":1740550201471,"level":"debug","message":"Page request finished: GET (document) 200 file:///C:/Users/hp/AppData/Local/Temp/jsreport/autocleanup/03ca7a25-1406-4f8b-8327-7e50f7e33e9c-chrome-pdf.html","meta":{"rootId":"fe1wfsd12yqmawt","id":"fe1wfsd12yqmawt"},"id":"yfeoi5fslmmen1r","previousOperationId":"1di2r8pu4zfn7vi"}
{"type":"log","timestamp":1740550201480,"level":"debug","message":"Running chrome with params {\"printBackground\":true,\"timeout\":59879,\"margin\":{}}","meta":{"rootId":"fe1wfsd12yqmawt","id":"fe1wfsd12yqmawt"},"id":"l9nd8phn4vvw6h8","previousOperationId":"1di2r8pu4zfn7vi"}
{"type":"operationEnd","operationId":"1di2r8pu4zfn7vi","timestamp":1740550201932,"id":"tyc7ervqqsz8br3","previousEventId":"xv7abc74qt8d0pv","previousOperationId":"1di2r8pu4zfn7vi"}
{"type":"log","timestamp":1740550201932,"level":"info","message":"pdf-utils is starting pdf processing","meta":{"rootId":"fe1wfsd12yqmawt","id":"fe1wfsd12yqmawt"},"id":"eesd98l58iah51p","previousOperationId":"1di2r8pu4zfn7vi"}
{"type":"operationStart","subtype":"pdfUtils","name":"pdf utils","timestamp":1740550201933,"id":"yqholx251bn7d16","previousEventId":"tyc7ervqqsz8br3","operationId":"ffrja03egtj9us7","previousOperationId":"1di2r8pu4zfn7vi"}
{"type":"log","timestamp":1740550201933,"level":"debug","message":"pdf-utils detected 0 pdf operation(s) to process","meta":{"rootId":"fe1wfsd12yqmawt","id":"fe1wfsd12yqmawt"},"id":"w8e7wdeheh8hx8k","previousOperationId":"ffrja03egtj9us7"}
{"type":"log","timestamp":1740550201933,"level":"debug","message":"pdf-utils postprocess start","meta":{"rootId":"fe1wfsd12yqmawt","id":"fe1wfsd12yqmawt"},"id":"07yfpqelzekvqid","previousOperationId":"ffrja03egtj9us7"}
{"type":"log","timestamp":1740550201938,"level":"debug","message":"pdf-utils postprocess end","meta":{"rootId":"fe1wfsd12yqmawt","id":"fe1wfsd12yqmawt"},"id":"p6svl5zuei8y58m","previousOperationId":"ffrja03egtj9us7"}
{"type":"operationEnd","operationId":"ffrja03egtj9us7","timestamp":1740550201938,"id":"4rl8vfsq3hc4krl","previousEventId":"yqholx251bn7d16","previousOperationId":"ffrja03egtj9us7"}
{"type":"log","timestamp":1740550201941,"level":"info","message":"pdf-utils pdf processing was finished","meta":{"rootId":"fe1wfsd12yqmawt","id":"fe1wfsd12yqmawt"},"id":"gr6z5ccn0iq32z4","previousOperationId":"ffrja03egtj9us7"}
{"type":"log","timestamp":1740550201941,"level":"debug","message":"Skipping storing report.","meta":{"rootId":"fe1wfsd12yqmawt","id":"fe1wfsd12yqmawt"},"id":"hwv0ur4fot9gu9z","previousOperationId":"ffrja03egtj9us7"}
{"type":"log","timestamp":1740550201941,"level":"info","message":"Rendering request 5 finished in 746 ms","meta":{"rootId":"fe1wfsd12yqmawt","id":"fe1wfsd12yqmawt"},"id":"c9jtczdlr1jpmw3","previousOperationId":"ffrja03egtj9us7"}
{"type":"operationEnd","subtype":"render","operationId":"pmymdq8xprv1vpp","timestamp":1740550201941,"id":"vwq451tozvk4ur0","previousEventId":"4rl8vfsq3hc4krl","previousOperationId":"ffrja03egtj9us7"}
{"type":"operationEnd","doDiffs":false,"previousEventId":"tdwntmmjwneebcv","previousOperationId":"6b1thh676w83uca","operationId":"6b1thh676w83uca","timestamp":1740550201957,"id":"tcun2lvh5rzp8ur"}
