{"type":"operationStart","subtype":"profile","data":{"_id":"r4OmF8weB3Qj61Yb","timestamp":"2025-02-26T12:55:02.292Z","state":"queued","mode":"standard","creationDate":"2025-02-26T12:55:02.300Z","modificationDate":"2025-02-26T12:55:02.300Z","shortid":"g1FL_AW","inheritedReadPermissions":[],"inheritedEditPermissions":[],"$entitySet":"profiles"},"doDiffs":false,"timestamp":1740574502296,"id":"o2bks8dsbfg7tta","previousOperationId":null,"operationId":"q9pfgb3ckil3ip3"}
{"type":"log","level":"info","message":"Render request 8 queued for execution and waiting for available worker","previousOperationId":"q9pfgb3ckil3ip3","timestamp":1740574502297,"id":"rt4ky2wzojquypb"}
{"type":"operationStart","subtype":"render","name":"header-footer","previousOperationId":"q9pfgb3ckil3ip3","timestamp":1740574502394,"id":"ig3hoo9tidk0q3u","previousEventId":"o2bks8dsbfg7tta","operationId":"wz6al7lc5dluyuu"}
{"type":"log","timestamp":1740574502394,"level":"info","message":"Starting rendering request 8 (user: tigist)","meta":{"rootId":"i9iy97vfohpqdb6","id":"i9iy97vfohpqdb6"},"id":"qnruftnp1eo2db7","previousOperationId":"wz6al7lc5dluyuu"}
{"type":"log","timestamp":1740574502394,"level":"info","message":"Rendering template { name: header-footer, recipe: chrome-pdf, engine: handlebars, preview: true }","meta":{"rootId":"i9iy97vfohpqdb6","id":"i9iy97vfohpqdb6"},"id":"kbg2vdguisw9lea","previousOperationId":"wz6al7lc5dluyuu"}
{"type":"log","timestamp":1740574502394,"level":"debug","message":"Data item not defined for this template.","meta":{"rootId":"i9iy97vfohpqdb6","id":"i9iy97vfohpqdb6"},"id":"svyf7sd6irf3ir0","previousOperationId":"wz6al7lc5dluyuu"}
{"type":"log","timestamp":1740574502411,"level":"debug","message":"Base url not specified, skipping its injection.","meta":{"rootId":"i9iy97vfohpqdb6","id":"i9iy97vfohpqdb6"},"id":"5zlk3zv5zvz7fxh","previousOperationId":"wz6al7lc5dluyuu"}
{"type":"operationStart","subtype":"engine","name":"handlebars","timestamp":1740574502412,"id":"il4weug3g1xgl1l","previousEventId":"ig3hoo9tidk0q3u","operationId":"8y9qeahy8c3ite5","previousOperationId":"wz6al7lc5dluyuu"}
{"type":"log","timestamp":1740574502412,"level":"debug","message":"Rendering engine handlebars","meta":{"rootId":"i9iy97vfohpqdb6","id":"i9iy97vfohpqdb6"},"id":"ldd3x4kkm3i4dl2","previousOperationId":"8y9qeahy8c3ite5"}
{"type":"operationEnd","operationId":"8y9qeahy8c3ite5","timestamp":1740574502437,"id":"87y3ww46ppngc7m","previousEventId":"il4weug3g1xgl1l","previousOperationId":"8y9qeahy8c3ite5"}
{"type":"operationStart","subtype":"recipe","name":"chrome-pdf","timestamp":1740574502438,"id":"swrnr5mqmlucdvz","previousEventId":"87y3ww46ppngc7m","operationId":"nusi3my60escllf","previousOperationId":"8y9qeahy8c3ite5"}
{"type":"log","timestamp":1740574502438,"level":"debug","message":"Executing recipe chrome-pdf","meta":{"rootId":"i9iy97vfohpqdb6","id":"i9iy97vfohpqdb6"},"id":"8sqyn8921e8gthx","previousOperationId":"nusi3my60escllf"}
{"type":"log","timestamp":1740574502445,"level":"debug","message":"Converting with chrome Chrome/130.0.6723.69 using chrome-pool strategy","meta":{"rootId":"i9iy97vfohpqdb6","id":"i9iy97vfohpqdb6"},"id":"m1mm7re367v4g0k","previousOperationId":"nusi3my60escllf"}
{"type":"log","timestamp":1740574502632,"level":"debug","message":"Page request: GET (document) file:///C:/Users/hp/AppData/Local/Temp/jsreport/autocleanup/6a0c71f9-9162-4a22-a0f7-c03590c930c6-chrome-pdf.html","meta":{"rootId":"i9iy97vfohpqdb6","id":"i9iy97vfohpqdb6"},"id":"2evypkehyc91mkt","previousOperationId":"nusi3my60escllf"}
{"type":"log","timestamp":1740574502666,"level":"debug","message":"Page request finished: GET (document) 200 file:///C:/Users/hp/AppData/Local/Temp/jsreport/autocleanup/6a0c71f9-9162-4a22-a0f7-c03590c930c6-chrome-pdf.html","meta":{"rootId":"i9iy97vfohpqdb6","id":"i9iy97vfohpqdb6"},"id":"5sv757dwct1qrsh","previousOperationId":"nusi3my60escllf"}
{"type":"log","timestamp":1740574502683,"level":"debug","message":"Running chrome with params {\"printBackground\":true,\"timeout\":59849,\"margin\":{}}","meta":{"rootId":"i9iy97vfohpqdb6","id":"i9iy97vfohpqdb6"},"id":"ubw2zdynk26dpbo","previousOperationId":"nusi3my60escllf"}
{"type":"operationEnd","operationId":"nusi3my60escllf","timestamp":1740574503269,"id":"9a0ttkvr2r6ev37","previousEventId":"swrnr5mqmlucdvz","previousOperationId":"nusi3my60escllf"}
{"type":"log","timestamp":1740574503269,"level":"info","message":"pdf-utils is starting pdf processing","meta":{"rootId":"i9iy97vfohpqdb6","id":"i9iy97vfohpqdb6"},"id":"vdr9nsmy6sw8nv5","previousOperationId":"nusi3my60escllf"}
{"type":"operationStart","subtype":"pdfUtils","name":"pdf utils","timestamp":1740574503272,"id":"1vheh3v9oho470k","previousEventId":"9a0ttkvr2r6ev37","operationId":"qz59lfdd1n7xdvi","previousOperationId":"nusi3my60escllf"}
{"type":"log","timestamp":1740574503272,"level":"debug","message":"pdf-utils detected 0 pdf operation(s) to process","meta":{"rootId":"i9iy97vfohpqdb6","id":"i9iy97vfohpqdb6"},"id":"1u5efmxtfkrmon4","previousOperationId":"qz59lfdd1n7xdvi"}
{"type":"log","timestamp":1740574503272,"level":"debug","message":"pdf-utils postprocess start","meta":{"rootId":"i9iy97vfohpqdb6","id":"i9iy97vfohpqdb6"},"id":"jxwddsob59geg3u","previousOperationId":"qz59lfdd1n7xdvi"}
{"type":"log","timestamp":1740574503282,"level":"debug","message":"pdf-utils postprocess end","meta":{"rootId":"i9iy97vfohpqdb6","id":"i9iy97vfohpqdb6"},"id":"3urirg74ibcz9ss","previousOperationId":"qz59lfdd1n7xdvi"}
{"type":"operationEnd","operationId":"qz59lfdd1n7xdvi","timestamp":1740574503282,"id":"z8je384vkb7u0nd","previousEventId":"1vheh3v9oho470k","previousOperationId":"qz59lfdd1n7xdvi"}
{"type":"log","timestamp":1740574503287,"level":"info","message":"pdf-utils pdf processing was finished","meta":{"rootId":"i9iy97vfohpqdb6","id":"i9iy97vfohpqdb6"},"id":"u2e5zaoj9tmb707","previousOperationId":"qz59lfdd1n7xdvi"}
{"type":"log","timestamp":1740574503287,"level":"debug","message":"Skipping storing report.","meta":{"rootId":"i9iy97vfohpqdb6","id":"i9iy97vfohpqdb6"},"id":"v3jrpyjo1880qp4","previousOperationId":"qz59lfdd1n7xdvi"}
{"type":"log","timestamp":1740574503287,"level":"info","message":"Rendering request 8 finished in 995 ms","meta":{"rootId":"i9iy97vfohpqdb6","id":"i9iy97vfohpqdb6"},"id":"fx4e557wi7cui1k","previousOperationId":"qz59lfdd1n7xdvi"}
{"type":"operationEnd","subtype":"render","operationId":"wz6al7lc5dluyuu","timestamp":1740574503287,"id":"6bmp7v2plwgd5ui","previousEventId":"z8je384vkb7u0nd","previousOperationId":"qz59lfdd1n7xdvi"}
{"type":"operationEnd","doDiffs":false,"previousEventId":"o2bks8dsbfg7tta","previousOperationId":"q9pfgb3ckil3ip3","operationId":"q9pfgb3ckil3ip3","timestamp":1740574503315,"id":"msw8nx0nibn4wxw"}
