{"type":"operationStart","subtype":"profile","data":{"_id":"MVty1viO9VS59f0i","timestamp":"2025-02-26T06:18:27.884Z","state":"queued","mode":"standard","creationDate":"2025-02-26T06:18:27.891Z","modificationDate":"2025-02-26T06:18:27.891Z","shortid":"uyqw-9t","inheritedReadPermissions":[],"inheritedEditPermissions":[],"$entitySet":"profiles"},"doDiffs":false,"timestamp":1740550707888,"id":"bp92e4foq97qy2f","previousOperationId":null,"operationId":"gjkgiocb9zh43b1"}
{"type":"log","level":"info","message":"Render request 12 queued for execution and waiting for available worker","previousOperationId":"gjkgiocb9zh43b1","timestamp":1740550707888,"id":"qzbjpnh07w1w25h"}
{"type":"operationStart","subtype":"render","name":"header-footer","previousOperationId":"gjkgiocb9zh43b1","timestamp":1740550707927,"id":"z6l8dlo0rxr5v8y","previousEventId":"bp92e4foq97qy2f","operationId":"aul9xs0uzwyfk1q"}
{"type":"log","timestamp":1740550707927,"level":"info","message":"Starting rendering request 12 (user: tigist)","meta":{"rootId":"jry8s1n6gti4et2","id":"jry8s1n6gti4et2"},"id":"qedr636xax4weyk","previousOperationId":"aul9xs0uzwyfk1q"}
{"type":"log","timestamp":1740550707927,"level":"info","message":"Rendering template { name: header-footer, recipe: chrome-pdf, engine: handlebars, preview: true }","meta":{"rootId":"jry8s1n6gti4et2","id":"jry8s1n6gti4et2"},"id":"2dpkqf8zyq852cv","previousOperationId":"aul9xs0uzwyfk1q"}
{"type":"log","timestamp":1740550707928,"level":"debug","message":"Data item not defined for this template.","meta":{"rootId":"jry8s1n6gti4et2","id":"jry8s1n6gti4et2"},"id":"rg4cb4lk26o11jd","previousOperationId":"aul9xs0uzwyfk1q"}
{"type":"log","timestamp":1740550707933,"level":"debug","message":"Base url not specified, skipping its injection.","meta":{"rootId":"jry8s1n6gti4et2","id":"jry8s1n6gti4et2"},"id":"ooo4c2wjt3j55d3","previousOperationId":"aul9xs0uzwyfk1q"}
{"type":"operationStart","subtype":"engine","name":"handlebars","timestamp":1740550707934,"id":"tp1mwdp5n0eplsa","previousEventId":"z6l8dlo0rxr5v8y","operationId":"fwqb1rveqnb4rgw","previousOperationId":"aul9xs0uzwyfk1q"}
{"type":"log","timestamp":1740550707934,"level":"debug","message":"Rendering engine handlebars","meta":{"rootId":"jry8s1n6gti4et2","id":"jry8s1n6gti4et2"},"id":"6u2kejunt6kdtjl","previousOperationId":"fwqb1rveqnb4rgw"}
{"type":"operationEnd","operationId":"fwqb1rveqnb4rgw","timestamp":1740550707987,"id":"ivq4qsokhzj84sz","previousEventId":"tp1mwdp5n0eplsa","previousOperationId":"fwqb1rveqnb4rgw"}
{"type":"operationStart","subtype":"recipe","name":"chrome-pdf","timestamp":1740550707988,"id":"5l14idn6mwk6xwy","previousEventId":"ivq4qsokhzj84sz","operationId":"ejhanwh7ml4jw0d","previousOperationId":"fwqb1rveqnb4rgw"}
{"type":"log","timestamp":1740550707988,"level":"debug","message":"Executing recipe chrome-pdf","meta":{"rootId":"jry8s1n6gti4et2","id":"jry8s1n6gti4et2"},"id":"c74539bm7d2harv","previousOperationId":"ejhanwh7ml4jw0d"}
{"type":"log","timestamp":1740550708001,"level":"debug","message":"Converting with chrome Chrome/130.0.6723.69 using chrome-pool strategy","meta":{"rootId":"jry8s1n6gti4et2","id":"jry8s1n6gti4et2"},"id":"sdgn6r8u2t47aw8","previousOperationId":"ejhanwh7ml4jw0d"}
{"type":"log","timestamp":1740550708212,"level":"debug","message":"Page request: GET (document) file:///C:/Users/hp/AppData/Local/Temp/jsreport/autocleanup/bc7268b4-b8e6-49c4-a4af-9b1366b01f31-chrome-pdf.html","meta":{"rootId":"jry8s1n6gti4et2","id":"jry8s1n6gti4et2"},"id":"a49lzy35qucdnfx","previousOperationId":"ejhanwh7ml4jw0d"}
{"type":"log","timestamp":1740550708230,"level":"debug","message":"Page request finished: GET (document) 200 file:///C:/Users/hp/AppData/Local/Temp/jsreport/autocleanup/bc7268b4-b8e6-49c4-a4af-9b1366b01f31-chrome-pdf.html","meta":{"rootId":"jry8s1n6gti4et2","id":"jry8s1n6gti4et2"},"id":"9hpt7pd0xjkogmq","previousOperationId":"ejhanwh7ml4jw0d"}
{"type":"log","timestamp":1740550708239,"level":"debug","message":"Running chrome with params {\"printBackground\":true,\"timeout\":59889,\"margin\":{}}","meta":{"rootId":"jry8s1n6gti4et2","id":"jry8s1n6gti4et2"},"id":"chwvpi5o6nker0p","previousOperationId":"ejhanwh7ml4jw0d"}
{"type":"operationEnd","operationId":"ejhanwh7ml4jw0d","timestamp":1740550708704,"id":"jsy61uvhioiee63","previousEventId":"5l14idn6mwk6xwy","previousOperationId":"ejhanwh7ml4jw0d"}
{"type":"log","timestamp":1740550708705,"level":"info","message":"pdf-utils is starting pdf processing","meta":{"rootId":"jry8s1n6gti4et2","id":"jry8s1n6gti4et2"},"id":"fyhieip8ithvi5l","previousOperationId":"ejhanwh7ml4jw0d"}
{"type":"operationStart","subtype":"pdfUtils","name":"pdf utils","timestamp":1740550708705,"id":"ht1svdhkk6gy2l1","previousEventId":"jsy61uvhioiee63","operationId":"awk13ulko82nrp0","previousOperationId":"ejhanwh7ml4jw0d"}
{"type":"log","timestamp":1740550708705,"level":"debug","message":"pdf-utils detected 0 pdf operation(s) to process","meta":{"rootId":"jry8s1n6gti4et2","id":"jry8s1n6gti4et2"},"id":"0pnn7l45vvv60l0","previousOperationId":"awk13ulko82nrp0"}
{"type":"log","timestamp":1740550708705,"level":"debug","message":"pdf-utils postprocess start","meta":{"rootId":"jry8s1n6gti4et2","id":"jry8s1n6gti4et2"},"id":"hqaygy971qx9w05","previousOperationId":"awk13ulko82nrp0"}
{"type":"log","timestamp":1740550708710,"level":"debug","message":"pdf-utils postprocess end","meta":{"rootId":"jry8s1n6gti4et2","id":"jry8s1n6gti4et2"},"id":"9qz35sf21abik5d","previousOperationId":"awk13ulko82nrp0"}
{"type":"operationEnd","operationId":"awk13ulko82nrp0","timestamp":1740550708710,"id":"xyohhnv487z4m2x","previousEventId":"ht1svdhkk6gy2l1","previousOperationId":"awk13ulko82nrp0"}
{"type":"log","timestamp":1740550708712,"level":"info","message":"pdf-utils pdf processing was finished","meta":{"rootId":"jry8s1n6gti4et2","id":"jry8s1n6gti4et2"},"id":"re29to4uz1f9fzw","previousOperationId":"awk13ulko82nrp0"}
{"type":"log","timestamp":1740550708713,"level":"debug","message":"Skipping storing report.","meta":{"rootId":"jry8s1n6gti4et2","id":"jry8s1n6gti4et2"},"id":"o8j3peodfpp8j5q","previousOperationId":"awk13ulko82nrp0"}
{"type":"log","timestamp":1740550708713,"level":"info","message":"Rendering request 12 finished in 829 ms","meta":{"rootId":"jry8s1n6gti4et2","id":"jry8s1n6gti4et2"},"id":"lvoyq5uiulyaeh0","previousOperationId":"awk13ulko82nrp0"}
{"type":"operationEnd","subtype":"render","operationId":"aul9xs0uzwyfk1q","timestamp":1740550708713,"id":"umzk5kkg9zd0dyy","previousEventId":"xyohhnv487z4m2x","previousOperationId":"awk13ulko82nrp0"}
{"type":"operationEnd","doDiffs":false,"previousEventId":"bp92e4foq97qy2f","previousOperationId":"gjkgiocb9zh43b1","operationId":"gjkgiocb9zh43b1","timestamp":1740550708725,"id":"uxavmw59qvfyota"}
