{"type":"operationStart","subtype":"profile","data":{"_id":"WaEXMyKdooaUjEwa","timestamp":"2025-02-26T06:23:39.800Z","state":"queued","mode":"standard","creationDate":"2025-02-26T06:23:39.805Z","modificationDate":"2025-02-26T06:23:39.805Z","shortid":"Hi_WQ35","inheritedReadPermissions":[],"inheritedEditPermissions":[],"$entitySet":"profiles"},"doDiffs":false,"timestamp":1740551019803,"id":"8xz8gxcgb3086ru","previousOperationId":null,"operationId":"4bbriltt7ebv0w0"}
{"type":"log","level":"info","message":"Render request 20 queued for execution and waiting for available worker","previousOperationId":"4bbriltt7ebv0w0","timestamp":1740551019803,"id":"llvwmbvendnpn0r"}
{"type":"operationStart","subtype":"render","name":"header-footer","previousOperationId":"4bbriltt7ebv0w0","timestamp":1740551019835,"id":"lp6ag1p6onv3ld2","previousEventId":"8xz8gxcgb3086ru","operationId":"agypyy49fzvdgab"}
{"type":"log","timestamp":1740551019835,"level":"info","message":"Starting rendering request 20 (user: tigist)","meta":{"rootId":"mebzuf6o04la7b4","id":"mebzuf6o04la7b4"},"id":"y5x4e61i6fcluun","previousOperationId":"agypyy49fzvdgab"}
{"type":"log","timestamp":1740551019835,"level":"info","message":"Rendering template { name: header-footer, recipe: chrome-pdf, engine: handlebars, preview: true }","meta":{"rootId":"mebzuf6o04la7b4","id":"mebzuf6o04la7b4"},"id":"kojgrypmk1igcaz","previousOperationId":"agypyy49fzvdgab"}
{"type":"log","timestamp":1740551019835,"level":"debug","message":"Data item not defined for this template.","meta":{"rootId":"mebzuf6o04la7b4","id":"mebzuf6o04la7b4"},"id":"j13bipcslqlqa6z","previousOperationId":"agypyy49fzvdgab"}
{"type":"log","timestamp":1740551019837,"level":"debug","message":"Base url not specified, skipping its injection.","meta":{"rootId":"mebzuf6o04la7b4","id":"mebzuf6o04la7b4"},"id":"e6f7hyd3ri0wcoa","previousOperationId":"agypyy49fzvdgab"}
{"type":"operationStart","subtype":"engine","name":"handlebars","timestamp":1740551019838,"id":"n5p01f8cuofd69r","previousEventId":"lp6ag1p6onv3ld2","operationId":"m0xztwzzsyhqwpx","previousOperationId":"agypyy49fzvdgab"}
{"type":"log","timestamp":1740551019838,"level":"debug","message":"Rendering engine handlebars","meta":{"rootId":"mebzuf6o04la7b4","id":"mebzuf6o04la7b4"},"id":"t1nq0gvi6xdqvxx","previousOperationId":"m0xztwzzsyhqwpx"}
{"type":"operationEnd","operationId":"m0xztwzzsyhqwpx","timestamp":1740551019859,"id":"rpoap5csm5lex0q","previousEventId":"n5p01f8cuofd69r","previousOperationId":"m0xztwzzsyhqwpx"}
{"type":"operationStart","subtype":"recipe","name":"chrome-pdf","timestamp":1740551019860,"id":"uijoidg1o4u6hxj","previousEventId":"rpoap5csm5lex0q","operationId":"dqghagqaeom0vlz","previousOperationId":"m0xztwzzsyhqwpx"}
{"type":"log","timestamp":1740551019860,"level":"debug","message":"Executing recipe chrome-pdf","meta":{"rootId":"mebzuf6o04la7b4","id":"mebzuf6o04la7b4"},"id":"ltsutz9njlx77mu","previousOperationId":"dqghagqaeom0vlz"}
{"type":"log","timestamp":1740551019868,"level":"debug","message":"Converting with chrome Chrome/130.0.6723.69 using chrome-pool strategy","meta":{"rootId":"mebzuf6o04la7b4","id":"mebzuf6o04la7b4"},"id":"j71fqmeuc1ar57f","previousOperationId":"dqghagqaeom0vlz"}
{"type":"log","timestamp":1740551020022,"level":"debug","message":"Page request: GET (document) file:///C:/Users/hp/AppData/Local/Temp/jsreport/autocleanup/cfe473f3-16ad-4bc7-a7ac-8ac118697c30-chrome-pdf.html","meta":{"rootId":"mebzuf6o04la7b4","id":"mebzuf6o04la7b4"},"id":"z43e5h22r49stz3","previousOperationId":"dqghagqaeom0vlz"}
{"type":"log","timestamp":1740551020045,"level":"debug","message":"Page request finished: GET (document) 200 file:///C:/Users/hp/AppData/Local/Temp/jsreport/autocleanup/cfe473f3-16ad-4bc7-a7ac-8ac118697c30-chrome-pdf.html","meta":{"rootId":"mebzuf6o04la7b4","id":"mebzuf6o04la7b4"},"id":"4grqh3o4pycliv0","previousOperationId":"dqghagqaeom0vlz"}
{"type":"log","timestamp":1740551020055,"level":"debug","message":"Running chrome with params {\"printBackground\":true,\"timeout\":59933,\"margin\":{}}","meta":{"rootId":"mebzuf6o04la7b4","id":"mebzuf6o04la7b4"},"id":"4rn6weyfjwm57nd","previousOperationId":"dqghagqaeom0vlz"}
{"type":"operationEnd","operationId":"dqghagqaeom0vlz","timestamp":1740551020507,"id":"56lv95zwr5cz6fr","previousEventId":"uijoidg1o4u6hxj","previousOperationId":"dqghagqaeom0vlz"}
{"type":"log","timestamp":1740551020507,"level":"info","message":"pdf-utils is starting pdf processing","meta":{"rootId":"mebzuf6o04la7b4","id":"mebzuf6o04la7b4"},"id":"v8b283x1d16gz1f","previousOperationId":"dqghagqaeom0vlz"}
{"type":"operationStart","subtype":"pdfUtils","name":"pdf utils","timestamp":1740551020509,"id":"qwio86vrizww1sk","previousEventId":"56lv95zwr5cz6fr","operationId":"l6qw2ei7qy0nujf","previousOperationId":"dqghagqaeom0vlz"}
{"type":"log","timestamp":1740551020509,"level":"debug","message":"pdf-utils detected 0 pdf operation(s) to process","meta":{"rootId":"mebzuf6o04la7b4","id":"mebzuf6o04la7b4"},"id":"7qy1own3w605rez","previousOperationId":"l6qw2ei7qy0nujf"}
{"type":"log","timestamp":1740551020509,"level":"debug","message":"pdf-utils postprocess start","meta":{"rootId":"mebzuf6o04la7b4","id":"mebzuf6o04la7b4"},"id":"l9n9gyjb4eb9hmq","previousOperationId":"l6qw2ei7qy0nujf"}
{"type":"log","timestamp":1740551020516,"level":"debug","message":"pdf-utils postprocess end","meta":{"rootId":"mebzuf6o04la7b4","id":"mebzuf6o04la7b4"},"id":"kj9v6rbknnl5gcj","previousOperationId":"l6qw2ei7qy0nujf"}
{"type":"operationEnd","operationId":"l6qw2ei7qy0nujf","timestamp":1740551020516,"id":"ikzfsgsj2xotwsb","previousEventId":"qwio86vrizww1sk","previousOperationId":"l6qw2ei7qy0nujf"}
{"type":"log","timestamp":1740551020521,"level":"info","message":"pdf-utils pdf processing was finished","meta":{"rootId":"mebzuf6o04la7b4","id":"mebzuf6o04la7b4"},"id":"dqg9yd1h5d2i3vg","previousOperationId":"l6qw2ei7qy0nujf"}
{"type":"log","timestamp":1740551020522,"level":"debug","message":"Skipping storing report.","meta":{"rootId":"mebzuf6o04la7b4","id":"mebzuf6o04la7b4"},"id":"ju17v0mr03bt35v","previousOperationId":"l6qw2ei7qy0nujf"}
{"type":"log","timestamp":1740551020522,"level":"info","message":"Rendering request 20 finished in 723 ms","meta":{"rootId":"mebzuf6o04la7b4","id":"mebzuf6o04la7b4"},"id":"s820fhrt0dlmieq","previousOperationId":"l6qw2ei7qy0nujf"}
{"type":"operationEnd","subtype":"render","operationId":"agypyy49fzvdgab","timestamp":1740551020522,"id":"4rnnljy4lagq2n7","previousEventId":"ikzfsgsj2xotwsb","previousOperationId":"l6qw2ei7qy0nujf"}
{"type":"operationEnd","doDiffs":false,"previousEventId":"8xz8gxcgb3086ru","previousOperationId":"4bbriltt7ebv0w0","operationId":"4bbriltt7ebv0w0","timestamp":1740551020557,"id":"ghg12p8pvxorof1"}
