{"type":"operationStart","subtype":"profile","data":{"_id":"ooAeTR7JPrvSDEGy","timestamp":"2025-02-26T12:58:15.853Z","state":"queued","mode":"standard","creationDate":"2025-02-26T12:58:15.857Z","modificationDate":"2025-02-26T12:58:15.857Z","shortid":"uhf9haw","inheritedReadPermissions":[],"inheritedEditPermissions":[],"$entitySet":"profiles"},"doDiffs":false,"timestamp":1740574695855,"id":"ku5z3mgttrjx7f0","previousOperationId":null,"operationId":"q6d66fwxb5axaba"}
{"type":"log","level":"info","message":"Render request 10 queued for execution and waiting for available worker","previousOperationId":"q6d66fwxb5axaba","timestamp":1740574695856,"id":"gn0obq33llufdw0"}
{"type":"operationStart","subtype":"render","name":"header-footer","previousOperationId":"q6d66fwxb5axaba","timestamp":1740574695874,"id":"mk3sv7biupid5hf","previousEventId":"ku5z3mgttrjx7f0","operationId":"dt5lzicsp51b1zx"}
{"type":"log","timestamp":1740574695874,"level":"info","message":"Starting rendering request 10 (user: tigist)","meta":{"rootId":"nn8mfvs26j0o538","id":"nn8mfvs26j0o538"},"id":"fkpp0k7sp436ddp","previousOperationId":"dt5lzicsp51b1zx"}
{"type":"log","timestamp":1740574695874,"level":"info","message":"Rendering template { name: header-footer, recipe: chrome-pdf, engine: handlebars, preview: true }","meta":{"rootId":"nn8mfvs26j0o538","id":"nn8mfvs26j0o538"},"id":"8uxhzroi16xrowq","previousOperationId":"dt5lzicsp51b1zx"}
{"type":"log","timestamp":1740574695874,"level":"debug","message":"Data item not defined for this template.","meta":{"rootId":"nn8mfvs26j0o538","id":"nn8mfvs26j0o538"},"id":"zbjsv8giy4l04oi","previousOperationId":"dt5lzicsp51b1zx"}
{"type":"log","timestamp":1740574695876,"level":"debug","message":"Base url not specified, skipping its injection.","meta":{"rootId":"nn8mfvs26j0o538","id":"nn8mfvs26j0o538"},"id":"k9otkikm8yebg0y","previousOperationId":"dt5lzicsp51b1zx"}
{"type":"operationStart","subtype":"engine","name":"handlebars","timestamp":1740574695876,"id":"xmrakqpyiqijh51","previousEventId":"mk3sv7biupid5hf","operationId":"7iv71a7kamwza7k","previousOperationId":"dt5lzicsp51b1zx"}
{"type":"log","timestamp":1740574695876,"level":"debug","message":"Rendering engine handlebars","meta":{"rootId":"nn8mfvs26j0o538","id":"nn8mfvs26j0o538"},"id":"so1zba3i1ciquti","previousOperationId":"7iv71a7kamwza7k"}
{"type":"operationEnd","operationId":"7iv71a7kamwza7k","timestamp":1740574695896,"id":"t55o7ryk7t9n210","previousEventId":"xmrakqpyiqijh51","previousOperationId":"7iv71a7kamwza7k"}
{"type":"operationStart","subtype":"recipe","name":"chrome-pdf","timestamp":1740574695896,"id":"hpxypflmy3isxpw","previousEventId":"t55o7ryk7t9n210","operationId":"msw10zog56erb81","previousOperationId":"7iv71a7kamwza7k"}
{"type":"log","timestamp":1740574695896,"level":"debug","message":"Executing recipe chrome-pdf","meta":{"rootId":"nn8mfvs26j0o538","id":"nn8mfvs26j0o538"},"id":"7zgwuk14w716aje","previousOperationId":"msw10zog56erb81"}
{"type":"log","timestamp":1740574695901,"level":"debug","message":"Converting with chrome Chrome/130.0.6723.69 using chrome-pool strategy","meta":{"rootId":"nn8mfvs26j0o538","id":"nn8mfvs26j0o538"},"id":"arvq5q07rgearcd","previousOperationId":"msw10zog56erb81"}
{"type":"log","timestamp":1740574696029,"level":"debug","message":"Page request: GET (document) file:///C:/Users/hp/AppData/Local/Temp/jsreport/autocleanup/6424baaa-bbf6-46a7-b597-6dbe00b8ee26-chrome-pdf.html","meta":{"rootId":"nn8mfvs26j0o538","id":"nn8mfvs26j0o538"},"id":"tsgo3uypj52j8sp","previousOperationId":"msw10zog56erb81"}
{"type":"log","timestamp":1740574696060,"level":"debug","message":"Page request finished: GET (document) 200 file:///C:/Users/hp/AppData/Local/Temp/jsreport/autocleanup/6424baaa-bbf6-46a7-b597-6dbe00b8ee26-chrome-pdf.html","meta":{"rootId":"nn8mfvs26j0o538","id":"nn8mfvs26j0o538"},"id":"asa9owiu2ossni6","previousOperationId":"msw10zog56erb81"}
{"type":"log","timestamp":1740574696073,"level":"debug","message":"Running chrome with params {\"printBackground\":true,\"timeout\":59953,\"margin\":{}}","meta":{"rootId":"nn8mfvs26j0o538","id":"nn8mfvs26j0o538"},"id":"zy1setgqf0kbwbx","previousOperationId":"msw10zog56erb81"}
{"type":"operationEnd","operationId":"msw10zog56erb81","timestamp":1740574696655,"id":"ph3njgzv0d1zg6x","previousEventId":"hpxypflmy3isxpw","previousOperationId":"msw10zog56erb81"}
{"type":"log","timestamp":1740574696655,"level":"info","message":"pdf-utils is starting pdf processing","meta":{"rootId":"nn8mfvs26j0o538","id":"nn8mfvs26j0o538"},"id":"ngvgzbwicnli553","previousOperationId":"msw10zog56erb81"}
{"type":"operationStart","subtype":"pdfUtils","name":"pdf utils","timestamp":1740574696656,"id":"lz5n7wonc3url7k","previousEventId":"ph3njgzv0d1zg6x","operationId":"tgzqmvgm0ssdk9f","previousOperationId":"msw10zog56erb81"}
{"type":"log","timestamp":1740574696656,"level":"debug","message":"pdf-utils detected 0 pdf operation(s) to process","meta":{"rootId":"nn8mfvs26j0o538","id":"nn8mfvs26j0o538"},"id":"0y9b501t54tugwx","previousOperationId":"tgzqmvgm0ssdk9f"}
{"type":"log","timestamp":1740574696656,"level":"debug","message":"pdf-utils postprocess start","meta":{"rootId":"nn8mfvs26j0o538","id":"nn8mfvs26j0o538"},"id":"r1y2v82p2zx5gad","previousOperationId":"tgzqmvgm0ssdk9f"}
{"type":"log","timestamp":1740574696660,"level":"debug","message":"pdf-utils postprocess end","meta":{"rootId":"nn8mfvs26j0o538","id":"nn8mfvs26j0o538"},"id":"0phv8vlnmffiywr","previousOperationId":"tgzqmvgm0ssdk9f"}
{"type":"operationEnd","operationId":"tgzqmvgm0ssdk9f","timestamp":1740574696661,"id":"5b7a1f307j6qj77","previousEventId":"lz5n7wonc3url7k","previousOperationId":"tgzqmvgm0ssdk9f"}
{"type":"log","timestamp":1740574696665,"level":"info","message":"pdf-utils pdf processing was finished","meta":{"rootId":"nn8mfvs26j0o538","id":"nn8mfvs26j0o538"},"id":"mv8p4vc150c07lf","previousOperationId":"tgzqmvgm0ssdk9f"}
{"type":"log","timestamp":1740574696665,"level":"debug","message":"Skipping storing report.","meta":{"rootId":"nn8mfvs26j0o538","id":"nn8mfvs26j0o538"},"id":"atfxi9nk7g68xcu","previousOperationId":"tgzqmvgm0ssdk9f"}
{"type":"log","timestamp":1740574696665,"level":"info","message":"Rendering request 10 finished in 813 ms","meta":{"rootId":"nn8mfvs26j0o538","id":"nn8mfvs26j0o538"},"id":"e6wtd0ja91kfmhz","previousOperationId":"tgzqmvgm0ssdk9f"}
{"type":"operationEnd","subtype":"render","operationId":"dt5lzicsp51b1zx","timestamp":1740574696665,"id":"o89taanlssmxint","previousEventId":"5b7a1f307j6qj77","previousOperationId":"tgzqmvgm0ssdk9f"}
{"type":"operationEnd","doDiffs":false,"previousEventId":"ku5z3mgttrjx7f0","previousOperationId":"q6d66fwxb5axaba","operationId":"q6d66fwxb5axaba","timestamp":1740574696689,"id":"tdfwbsix969iqj6"}
