{"type":"operationStart","subtype":"profile","data":{"_id":"YqGfMdimpHxTGM2Y","timestamp":"2025-02-26T06:14:38.784Z","state":"queued","mode":"standard","creationDate":"2025-02-26T06:14:38.795Z","modificationDate":"2025-02-26T06:14:38.795Z","shortid":"jl4EgQT","inheritedReadPermissions":[],"inheritedEditPermissions":[],"$entitySet":"profiles"},"doDiffs":false,"timestamp":1740550478790,"id":"9kai88u0zhioyty","previousOperationId":null,"operationId":"dxa4dxnabmb13cr"}
{"type":"log","level":"info","message":"Render request 9 queued for execution and waiting for available worker","previousOperationId":"dxa4dxnabmb13cr","timestamp":1740550478791,"id":"yxjnvfndjbpdkpu"}
{"type":"operationStart","subtype":"render","name":"header-footer","previousOperationId":"dxa4dxnabmb13cr","timestamp":1740550478844,"id":"twl76fwdre8fwyc","previousEventId":"9kai88u0zhioyty","operationId":"2k53fnrf0ykgeh5"}
{"type":"log","timestamp":1740550478844,"level":"info","message":"Starting rendering request 9 (user: tigist)","meta":{"rootId":"vo2a0pwyjsvmxaw","id":"vo2a0pwyjsvmxaw"},"id":"5fyd9c0wf8vyfuz","previousOperationId":"2k53fnrf0ykgeh5"}
{"type":"log","timestamp":1740550478844,"level":"info","message":"Rendering template { name: header-footer, recipe: chrome-pdf, engine: handlebars, preview: true }","meta":{"rootId":"vo2a0pwyjsvmxaw","id":"vo2a0pwyjsvmxaw"},"id":"e95eig4llmal9oq","previousOperationId":"2k53fnrf0ykgeh5"}
{"type":"log","timestamp":1740550478845,"level":"debug","message":"Data item not defined for this template.","meta":{"rootId":"vo2a0pwyjsvmxaw","id":"vo2a0pwyjsvmxaw"},"id":"hppaxx5hpmvfj9i","previousOperationId":"2k53fnrf0ykgeh5"}
{"type":"log","timestamp":1740550478848,"level":"debug","message":"Base url not specified, skipping its injection.","meta":{"rootId":"vo2a0pwyjsvmxaw","id":"vo2a0pwyjsvmxaw"},"id":"oxgzhkxkv2d2qyc","previousOperationId":"2k53fnrf0ykgeh5"}
{"type":"operationStart","subtype":"engine","name":"handlebars","timestamp":1740550478849,"id":"g344fe5aae66f5u","previousEventId":"twl76fwdre8fwyc","operationId":"v9wccck8u0esj76","previousOperationId":"2k53fnrf0ykgeh5"}
{"type":"log","timestamp":1740550478849,"level":"debug","message":"Rendering engine handlebars","meta":{"rootId":"vo2a0pwyjsvmxaw","id":"vo2a0pwyjsvmxaw"},"id":"ovuzk8pkao8o3cg","previousOperationId":"v9wccck8u0esj76"}
{"type":"operationEnd","operationId":"v9wccck8u0esj76","timestamp":1740550478933,"id":"9nm4y7xz8clxvs4","previousEventId":"g344fe5aae66f5u","previousOperationId":"v9wccck8u0esj76"}
{"type":"operationStart","subtype":"recipe","name":"chrome-pdf","timestamp":1740550478934,"id":"qf717c0lcrmvzxc","previousEventId":"9nm4y7xz8clxvs4","operationId":"yxsxteiadwtqz55","previousOperationId":"v9wccck8u0esj76"}
{"type":"log","timestamp":1740550478934,"level":"debug","message":"Executing recipe chrome-pdf","meta":{"rootId":"vo2a0pwyjsvmxaw","id":"vo2a0pwyjsvmxaw"},"id":"7tzm1naez8mng0e","previousOperationId":"yxsxteiadwtqz55"}
{"type":"log","timestamp":1740550478952,"level":"debug","message":"Converting with chrome Chrome/130.0.6723.69 using chrome-pool strategy","meta":{"rootId":"vo2a0pwyjsvmxaw","id":"vo2a0pwyjsvmxaw"},"id":"r8nhwldqp92fxoe","previousOperationId":"yxsxteiadwtqz55"}
{"type":"log","timestamp":1740550479067,"level":"debug","message":"Page request: GET (document) file:///C:/Users/hp/AppData/Local/Temp/jsreport/autocleanup/5cb6b683-31ca-4ea1-8a50-f73eeda43aba-chrome-pdf.html","meta":{"rootId":"vo2a0pwyjsvmxaw","id":"vo2a0pwyjsvmxaw"},"id":"rk57zp9odjp5jpa","previousOperationId":"yxsxteiadwtqz55"}
{"type":"log","timestamp":1740550479097,"level":"debug","message":"Page request finished: GET (document) 200 file:///C:/Users/hp/AppData/Local/Temp/jsreport/autocleanup/5cb6b683-31ca-4ea1-8a50-f73eeda43aba-chrome-pdf.html","meta":{"rootId":"vo2a0pwyjsvmxaw","id":"vo2a0pwyjsvmxaw"},"id":"37ds3i4y2z4kvx6","previousOperationId":"yxsxteiadwtqz55"}
{"type":"log","timestamp":1740550479100,"level":"debug","message":"Running chrome with params {\"printBackground\":true,\"timeout\":59837,\"margin\":{}}","meta":{"rootId":"vo2a0pwyjsvmxaw","id":"vo2a0pwyjsvmxaw"},"id":"lr9vq0co8s75knw","previousOperationId":"yxsxteiadwtqz55"}
{"type":"operationEnd","operationId":"yxsxteiadwtqz55","timestamp":1740550479575,"id":"unmiybdogla51qs","previousEventId":"qf717c0lcrmvzxc","previousOperationId":"yxsxteiadwtqz55"}
{"type":"log","timestamp":1740550479575,"level":"info","message":"pdf-utils is starting pdf processing","meta":{"rootId":"vo2a0pwyjsvmxaw","id":"vo2a0pwyjsvmxaw"},"id":"p4andksd1r3vl7a","previousOperationId":"yxsxteiadwtqz55"}
{"type":"operationStart","subtype":"pdfUtils","name":"pdf utils","timestamp":1740550479576,"id":"35k5v1bjma26bgj","previousEventId":"unmiybdogla51qs","operationId":"44q4cjk6mhii1ec","previousOperationId":"yxsxteiadwtqz55"}
{"type":"log","timestamp":1740550479576,"level":"debug","message":"pdf-utils detected 0 pdf operation(s) to process","meta":{"rootId":"vo2a0pwyjsvmxaw","id":"vo2a0pwyjsvmxaw"},"id":"g6ysg8iggnpjdkj","previousOperationId":"44q4cjk6mhii1ec"}
{"type":"log","timestamp":1740550479576,"level":"debug","message":"pdf-utils postprocess start","meta":{"rootId":"vo2a0pwyjsvmxaw","id":"vo2a0pwyjsvmxaw"},"id":"b0rgl5mivvpegcq","previousOperationId":"44q4cjk6mhii1ec"}
{"type":"log","timestamp":1740550479580,"level":"debug","message":"pdf-utils postprocess end","meta":{"rootId":"vo2a0pwyjsvmxaw","id":"vo2a0pwyjsvmxaw"},"id":"eschn8qdgvmqxc6","previousOperationId":"44q4cjk6mhii1ec"}
{"type":"operationEnd","operationId":"44q4cjk6mhii1ec","timestamp":1740550479580,"id":"ohwoaskelp15yzo","previousEventId":"35k5v1bjma26bgj","previousOperationId":"44q4cjk6mhii1ec"}
{"type":"log","timestamp":1740550479582,"level":"info","message":"pdf-utils pdf processing was finished","meta":{"rootId":"vo2a0pwyjsvmxaw","id":"vo2a0pwyjsvmxaw"},"id":"qcnvc3wd7fzz1ls","previousOperationId":"44q4cjk6mhii1ec"}
{"type":"log","timestamp":1740550479582,"level":"debug","message":"Skipping storing report.","meta":{"rootId":"vo2a0pwyjsvmxaw","id":"vo2a0pwyjsvmxaw"},"id":"8dlti3uuu5usdck","previousOperationId":"44q4cjk6mhii1ec"}
{"type":"log","timestamp":1740550479583,"level":"info","message":"Rendering request 9 finished in 801 ms","meta":{"rootId":"vo2a0pwyjsvmxaw","id":"vo2a0pwyjsvmxaw"},"id":"3q99z0gmu52lizu","previousOperationId":"44q4cjk6mhii1ec"}
{"type":"operationEnd","subtype":"render","operationId":"2k53fnrf0ykgeh5","timestamp":1740550479583,"id":"yhrpartohn18scc","previousEventId":"ohwoaskelp15yzo","previousOperationId":"44q4cjk6mhii1ec"}
{"type":"operationEnd","doDiffs":false,"previousEventId":"9kai88u0zhioyty","previousOperationId":"dxa4dxnabmb13cr","operationId":"dxa4dxnabmb13cr","timestamp":1740550479596,"id":"1iw29fg2kbe04mr"}
